{"C:\\Users\\HOAITHUONG\\Desktop\\learing react\\react-training\\Learning_React\\my-react-app\\src\\Example-SWR\\constants\\message.ts": {"path":"C:\\Users\\HOAITHUONG\\Desktop\\learing react\\react-training\\Learning_React\\my-react-app\\src\\Example-SWR\\constants\\message.ts","statementMap":{"0":{"start":{"line":1,"column":20},"end":{"line":5,"column":2}},"1":{"start":{"line":7,"column":9},"end":{"line":7,"column":20}}},"fnMap":{},"branchMap":{},"s":{"0":1,"1":1},"f":{},"b":{}}
,"C:\\Users\\HOAITHUONG\\Desktop\\learing react\\react-training\\Learning_React\\my-react-app\\src\\Example-SWR\\constants\\task.ts": {"path":"C:\\Users\\HOAITHUONG\\Desktop\\learing react\\react-training\\Learning_React\\my-react-app\\src\\Example-SWR\\constants\\task.ts","statementMap":{"0":{"start":{"line":3,"column":31},"end":{"line":6,"column":2}},"1":{"start":{"line":8,"column":8},"end":{"line":8,"column":20}}},"fnMap":{},"branchMap":{},"s":{"0":1,"1":1},"f":{},"b":{}}
,"C:\\Users\\HOAITHUONG\\Desktop\\learing react\\react-training\\Learning_React\\my-react-app\\src\\Example-SWR\\constants\\url.ts": {"path":"C:\\Users\\HOAITHUONG\\Desktop\\learing react\\react-training\\Learning_React\\my-react-app\\src\\Example-SWR\\constants\\url.ts","statementMap":{"0":{"start":{"line":1,"column":17},"end":{"line":1,"column":40}},"1":{"start":{"line":4,"column":9},"end":{"line":4,"column":17}},"2":{"start":{"line":2,"column":17},"end":{"line":2,"column":35}},"3":{"start":{"line":4,"column":19},"end":{"line":4,"column":27}}},"fnMap":{},"branchMap":{},"s":{"0":1,"1":1,"2":1,"3":1},"f":{},"b":{}}
,"C:\\Users\\HOAITHUONG\\Desktop\\learing react\\react-training\\Learning_React\\my-react-app\\src\\Example-SWR\\helpers\\fetchApi.ts": {"path":"C:\\Users\\HOAITHUONG\\Desktop\\learing react\\react-training\\Learning_React\\my-react-app\\src\\Example-SWR\\helpers\\fetchApi.ts","statementMap":{"0":{"start":{"line":1,"column":0},"end":{"line":1,"column":26}},"1":{"start":{"line":2,"column":0},"end":{"line":2,"column":51}},"2":{"start":{"line":3,"column":0},"end":{"line":3,"column":44}},"3":{"start":{"line":6,"column":19},"end":{"line":19,"column":1}},"4":{"start":{"line":7,"column":2},"end":{"line":18,"column":4}},"5":{"start":{"line":8,"column":16},"end":{"line":12,"column":6}},"6":{"start":{"line":13,"column":4},"end":{"line":13,"column":40}},"7":{"start":{"line":14,"column":4},"end":{"line":14,"column":21}},"8":{"start":{"line":17,"column":4},"end":{"line":17,"column":23}},"9":{"start":{"line":44,"column":2},"end":{"line":44,"column":12}},"10":{"start":{"line":21,"column":19},"end":{"line":32,"column":1}},"11":{"start":{"line":22,"column":2},"end":{"line":31,"column":4}},"12":{"start":{"line":23,"column":4},"end":{"line":27,"column":7}},"13":{"start":{"line":28,"column":4},"end":{"line":28,"column":43}},"14":{"start":{"line":30,"column":6},"end":{"line":30,"column":25}},"15":{"start":{"line":45,"column":2},"end":{"line":45,"column":12}},"16":{"start":{"line":34,"column":19},"end":{"line":41,"column":1}},"17":{"start":{"line":35,"column":2},"end":{"line":40,"column":4}},"18":{"start":{"line":36,"column":4},"end":{"line":36,"column":44}},"19":{"start":{"line":37,"column":4},"end":{"line":37,"column":43}},"20":{"start":{"line":39,"column":4},"end":{"line":39,"column":23}},"21":{"start":{"line":46,"column":2},"end":{"line":46,"column":12}}},"fnMap":{"0":{"name":"(anonymous_0)","decl":{"start":{"line":6,"column":19},"end":{"line":6,"column":24}},"loc":{"start":{"line":6,"column":47},"end":{"line":19,"column":1}}},"1":{"name":"(anonymous_1)","decl":{"start":{"line":21,"column":19},"end":{"line":21,"column":24}},"loc":{"start":{"line":21,"column":60},"end":{"line":32,"column":1}}},"2":{"name":"(anonymous_2)","decl":{"start":{"line":34,"column":19},"end":{"line":34,"column":24}},"loc":{"start":{"line":34,"column":40},"end":{"line":41,"column":1}}}},"branchMap":{},"s":{"0":1,"1":1,"2":1,"3":1,"4":1,"5":1,"6":0,"7":0,"8":0,"9":1,"10":1,"11":0,"12":0,"13":0,"14":0,"15":1,"16":1,"17":0,"18":0,"19":0,"20":0,"21":1},"f":{"0":1,"1":0,"2":0},"b":{}}
}
