<?xml version="1.0" encoding="UTF-8"?>
<coverage generated="1653468679878" clover="3.2.0">
  <project timestamp="1653468679878" name="All files">
    <metrics statements="7" coveredstatements="6" conditionals="0" coveredconditionals="0" methods="3" coveredmethods="1" elements="10" coveredelements="7" complexity="0" loc="7" ncloc="7" packages="2" files="2" classes="2"/>
    <package name="Example-SWR.Todos.Todo">
      <metrics statements="5" coveredstatements="4" conditionals="0" coveredconditionals="0" methods="2" coveredmethods="1"/>
      <file name="Todo.tsx" path="C:\Users\HOAITHUONG\Desktop\learing react\react-training\Learning_React\my-react-app\src\Example-SWR\Todos\Todo\Todo.tsx">
        <metrics statements="5" coveredstatements="4" conditionals="0" coveredconditionals="0" methods="2" coveredmethods="1"/>
        <line num="1" count="1" type="stmt"/>
        <line num="4" count="1" type="stmt"/>
        <line num="5" count="1" type="stmt"/>
        <line num="10" count="0" type="stmt"/>
        <line num="19" count="1" type="stmt"/>
      </file>
    </package>
    <package name="constants">
      <metrics statements="2" coveredstatements="2" conditionals="0" coveredconditionals="0" methods="1" coveredmethods="0"/>
      <file name="todo.ts" path="C:\Users\HOAITHUONG\Desktop\learing react\react-training\Learning_React\my-react-app\src\constants\todo.ts">
        <metrics statements="2" coveredstatements="2" conditionals="0" coveredconditionals="0" methods="1" coveredmethods="0"/>
        <line num="3" count="1" type="stmt"/>
        <line num="12" count="1" type="stmt"/>
      </file>
    </package>
  </project>
</coverage>
