{"C:\\Users\\HOAITHUONG\\Desktop\\learing react\\react-training\\Learning_React\\my-react-app\\src\\Example-SWR\\Todos\\Todo\\Todo.tsx": {"path":"C:\\Users\\HOAITHUONG\\Desktop\\learing react\\react-training\\Learning_React\\my-react-app\\src\\Example-SWR\\Todos\\Todo\\Todo.tsx","statementMap":{"0":{"start":{"line":1,"column":0},"end":{"line":1,"column":40}},"1":{"start":{"line":4,"column":34},"end":{"line":17,"column":1}},"2":{"start":{"line":5,"column":2},"end":{"line":16,"column":4}},"3":{"start":{"line":10,"column":33},"end":{"line":10,"column":52}},"4":{"start":{"line":19,"column":0},"end":{"line":19,"column":20}}},"fnMap":{"0":{"name":"(anonymous_0)","decl":{"start":{"line":4,"column":34},"end":{"line":4,"column":35}},"loc":{"start":{"line":4,"column":59},"end":{"line":17,"column":1}}},"1":{"name":"(anonymous_1)","decl":{"start":{"line":10,"column":27},"end":{"line":10,"column":30}},"loc":{"start":{"line":10,"column":33},"end":{"line":10,"column":52}}}},"branchMap":{},"s":{"0":1,"1":1,"2":1,"3":0,"4":1},"f":{"0":1,"1":0},"b":{}}
,"C:\\Users\\HOAITHUONG\\Desktop\\learing react\\react-training\\Learning_React\\my-react-app\\src\\constants\\todo.ts": {"path":"C:\\Users\\HOAITHUONG\\Desktop\\learing react\\react-training\\Learning_React\\my-react-app\\src\\constants\\todo.ts","statementMap":{"0":{"start":{"line":3,"column":34},"end":{"line":9,"column":2}},"1":{"start":{"line":12,"column":2},"end":{"line":12,"column":16}}},"fnMap":{"0":{"name":"(anonymous_0)","decl":{"start":{"line":8,"column":14},"end":{"line":8,"column":17}},"loc":{"start":{"line":8,"column":19},"end":{"line":8,"column":22}}}},"branchMap":{},"s":{"0":1,"1":1},"f":{"0":0},"b":{}}
}
