{"C:\\Users\\HOAITHUONG\\Desktop\\final\\react-training\\practice-3\\src\\App\\App.tsx": {"path":"C:\\Users\\HOAITHUONG\\Desktop\\final\\react-training\\practice-3\\src\\App\\App.tsx","statementMap":{"0":{"start":{"line":2,"column":0},"end":{"line":2,"column":29}},"1":{"start":{"line":3,"column":0},"end":{"line":3,"column":32}},"2":{"start":{"line":4,"column":0},"end":{"line":4,"column":49}},"3":{"start":{"line":5,"column":0},"end":{"line":5,"column":47}},"4":{"start":{"line":6,"column":0},"end":{"line":6,"column":48}},"5":{"start":{"line":7,"column":0},"end":{"line":7,"column":60}},"6":{"start":{"line":8,"column":0},"end":{"line":8,"column":55}},"7":{"start":{"line":9,"column":0},"end":{"line":9,"column":55}},"8":{"start":{"line":10,"column":0},"end":{"line":10,"column":67}},"9":{"start":{"line":11,"column":0},"end":{"line":11,"column":65}},"10":{"start":{"line":12,"column":0},"end":{"line":12,"column":70}},"11":{"start":{"line":13,"column":0},"end":{"line":13,"column":70}},"12":{"start":{"line":14,"column":0},"end":{"line":14,"column":47}},"13":{"start":{"line":16,"column":22},"end":{"line":33,"column":2}},"14":{"start":{"line":17,"column":2},"end":{"line":32,"column":4}},"15":{"start":{"line":35,"column":0},"end":{"line":35,"column":19}}},"fnMap":{"0":{"name":"(anonymous_0)","decl":{"start":{"line":16,"column":27},"end":{"line":16,"column":30}},"loc":{"start":{"line":16,"column":32},"end":{"line":33,"column":1}}}},"branchMap":{},"s":{"0":1,"1":1,"2":1,"3":1,"4":1,"5":1,"6":1,"7":1,"8":1,"9":1,"10":1,"11":1,"12":1,"13":1,"14":4,"15":1},"f":{"0":4},"b":{}}
,"C:\\Users\\HOAITHUONG\\Desktop\\final\\react-training\\practice-3\\src\\assets\\images\\backgrounds\\slide-1.jpg": {"path":"C:\\Users\\HOAITHUONG\\Desktop\\final\\react-training\\practice-3\\src\\assets\\images\\backgrounds\\slide-1.jpg","statementMap":{"0":{"start":{"line":1,"column":0},"end":{"line":1,"column":19}}},"fnMap":{},"branchMap":{},"s":{"0":2},"f":{},"b":{},"_coverageSchema":"1a1c01bbd47fc00a2c39e90264f33305004495a9","hash":"1ac455a8617f3ecce33b79a322bda33773762efa"}
,"C:\\Users\\HOAITHUONG\\Desktop\\final\\react-training\\practice-3\\src\\assets\\images\\logos\\logos.png": {"path":"C:\\Users\\HOAITHUONG\\Desktop\\final\\react-training\\practice-3\\src\\assets\\images\\logos\\logos.png","statementMap":{"0":{"start":{"line":1,"column":0},"end":{"line":1,"column":19}}},"fnMap":{},"branchMap":{},"s":{"0":3},"f":{},"b":{},"_coverageSchema":"1a1c01bbd47fc00a2c39e90264f33305004495a9","hash":"ebaac5a98a03f0902e6eaa2a86b8e6af759b2927"}
,"C:\\Users\\HOAITHUONG\\Desktop\\final\\react-training\\practice-3\\src\\assets\\images\\products\\black-forest-cake.jpg": {"path":"C:\\Users\\HOAITHUONG\\Desktop\\final\\react-training\\practice-3\\src\\assets\\images\\products\\black-forest-cake.jpg","statementMap":{"0":{"start":{"line":1,"column":0},"end":{"line":1,"column":19}}},"fnMap":{},"branchMap":{},"s":{"0":7},"f":{},"b":{},"_coverageSchema":"1a1c01bbd47fc00a2c39e90264f33305004495a9","hash":"052108566772d55376fb5b46bcd18945e785b59b"}
,"C:\\Users\\HOAITHUONG\\Desktop\\final\\react-training\\practice-3\\src\\components\\Categories\\Categories.tsx": {"path":"C:\\Users\\HOAITHUONG\\Desktop\\final\\react-training\\practice-3\\src\\components\\Categories\\Categories.tsx","statementMap":{"0":{"start":{"line":1,"column":0},"end":{"line":1,"column":52}},"1":{"start":{"line":3,"column":0},"end":{"line":3,"column":56}},"2":{"start":{"line":4,"column":0},"end":{"line":4,"column":25}},"3":{"start":{"line":5,"column":0},"end":{"line":5,"column":49}},"4":{"start":{"line":6,"column":0},"end":{"line":6,"column":41}},"5":{"start":{"line":7,"column":0},"end":{"line":7,"column":26}},"6":{"start":{"line":9,"column":29},"end":{"line":59,"column":1}},"7":{"start":{"line":10,"column":19},"end":{"line":10,"column":46}},"8":{"start":{"line":12,"column":4},"end":{"line":23,"column":7}},"9":{"start":{"line":13,"column":6},"end":{"line":18,"column":null}},"10":{"start":{"line":26,"column":34},"end":{"line":26,"column":46}},"11":{"start":{"line":27,"column":29},"end":{"line":27,"column":54}},"12":{"start":{"line":28,"column":23},"end":{"line":32,"column":3}},"13":{"start":{"line":28,"column":39},"end":{"line":32,"column":3}},"14":{"start":{"line":29,"column":23},"end":{"line":29,"column":68}},"15":{"start":{"line":30,"column":4},"end":{"line":30,"column":33}},"16":{"start":{"line":31,"column":4},"end":{"line":31,"column":20}},"17":{"start":{"line":34,"column":32},"end":{"line":38,"column":3}},"18":{"start":{"line":35,"column":23},"end":{"line":35,"column":25}},"19":{"start":{"line":36,"column":4},"end":{"line":36,"column":33}},"20":{"start":{"line":37,"column":4},"end":{"line":37,"column":20}},"21":{"start":{"line":40,"column":2},"end":{"line":58,"column":4}},"22":{"start":{"line":61,"column":0},"end":{"line":61,"column":26}}},"fnMap":{"0":{"name":"(anonymous_0)","decl":{"start":{"line":9,"column":29},"end":{"line":9,"column":32}},"loc":{"start":{"line":9,"column":34},"end":{"line":59,"column":1}}},"1":{"name":"renderCategoryList","decl":{"start":{"line":11,"column":11},"end":{"line":11,"column":29}},"loc":{"start":{"line":11,"column":38},"end":{"line":24,"column":3}}},"2":{"name":"(anonymous_2)","decl":{"start":{"line":12,"column":21},"end":{"line":12,"column":22}},"loc":{"start":{"line":13,"column":6},"end":{"line":18,"column":null}}},"3":{"name":"(anonymous_3)","decl":{"start":{"line":28,"column":23},"end":{"line":28,"column":24}},"loc":{"start":{"line":28,"column":39},"end":{"line":32,"column":3}}},"4":{"name":"(anonymous_4)","decl":{"start":{"line":28,"column":39},"end":{"line":28,"column":40}},"loc":{"start":{"line":28,"column":76},"end":{"line":32,"column":3}}},"5":{"name":"(anonymous_5)","decl":{"start":{"line":34,"column":32},"end":{"line":34,"column":35}},"loc":{"start":{"line":34,"column":37},"end":{"line":38,"column":3}}}},"branchMap":{"0":{"loc":{"start":{"line":16,"column":10},"end":{"line":16,"column":null}},"type":"cond-expr","locations":[{"start":{"line":16,"column":37},"end":{"line":16,"column":45}},{"start":{"line":16,"column":48},"end":{"line":16,"column":null}}]},"1":{"loc":{"start":{"line":48,"column":14},"end":{"line":48,"column":null}},"type":"cond-expr","locations":[{"start":{"line":48,"column":32},"end":{"line":48,"column":40}},{"start":{"line":48,"column":43},"end":{"line":48,"column":null}}]}},"s":{"0":4,"1":4,"2":4,"3":4,"4":4,"5":4,"6":4,"7":9,"8":9,"9":0,"10":9,"11":9,"12":9,"13":0,"14":0,"15":0,"16":0,"17":9,"18":3,"19":3,"20":3,"21":9,"22":4},"f":{"0":9,"1":9,"2":0,"3":0,"4":0,"5":3},"b":{"0":[0,0],"1":[9,0]}}
,"C:\\Users\\HOAITHUONG\\Desktop\\final\\react-training\\practice-3\\src\\components\\Categories\\categories.css": {"path":"C:\\Users\\HOAITHUONG\\Desktop\\final\\react-training\\practice-3\\src\\components\\Categories\\categories.css","statementMap":{"0":{"start":{"line":1,"column":0},"end":{"line":1,"column":19}}},"fnMap":{},"branchMap":{},"s":{"0":4},"f":{},"b":{},"_coverageSchema":"1a1c01bbd47fc00a2c39e90264f33305004495a9","hash":"17f1c9ccfc662af885367e04b4a4fe804ab5e04e"}
,"C:\\Users\\HOAITHUONG\\Desktop\\final\\react-training\\practice-3\\src\\components\\Input\\InputSearch\\InputSearch.tsx": {"path":"C:\\Users\\HOAITHUONG\\Desktop\\final\\react-training\\practice-3\\src\\components\\Input\\InputSearch\\InputSearch.tsx","statementMap":{"0":{"start":{"line":1,"column":0},"end":{"line":1,"column":48}},"1":{"start":{"line":2,"column":0},"end":{"line":2,"column":56}},"2":{"start":{"line":3,"column":0},"end":{"line":3,"column":27}},"3":{"start":{"line":5,"column":30},"end":{"line":22,"column":2}},"4":{"start":{"line":6,"column":29},"end":{"line":6,"column":54}},"5":{"start":{"line":7,"column":23},"end":{"line":10,"column":3}},"6":{"start":{"line":8,"column":21},"end":{"line":8,"column":50}},"7":{"start":{"line":9,"column":4},"end":{"line":9,"column":31}},"8":{"start":{"line":12,"column":2},"end":{"line":21,"column":4}},"9":{"start":{"line":24,"column":0},"end":{"line":24,"column":27}}},"fnMap":{"0":{"name":"(anonymous_0)","decl":{"start":{"line":5,"column":35},"end":{"line":5,"column":38}},"loc":{"start":{"line":5,"column":40},"end":{"line":22,"column":1}}},"1":{"name":"(anonymous_1)","decl":{"start":{"line":7,"column":23},"end":{"line":7,"column":24}},"loc":{"start":{"line":7,"column":60},"end":{"line":10,"column":3}}}},"branchMap":{},"s":{"0":3,"1":3,"2":3,"3":3,"4":9,"5":9,"6":1,"7":1,"8":9,"9":3},"f":{"0":9,"1":1},"b":{}}
,"C:\\Users\\HOAITHUONG\\Desktop\\final\\react-training\\practice-3\\src\\components\\Input\\InputSearch\\inputSearch.css": {"path":"C:\\Users\\HOAITHUONG\\Desktop\\final\\react-training\\practice-3\\src\\components\\Input\\InputSearch\\inputSearch.css","statementMap":{"0":{"start":{"line":1,"column":0},"end":{"line":1,"column":19}}},"fnMap":{},"branchMap":{},"s":{"0":3},"f":{},"b":{},"_coverageSchema":"1a1c01bbd47fc00a2c39e90264f33305004495a9","hash":"9d977b66b54e08d0cb685e8bc4ee0248175b46d0"}
,"C:\\Users\\HOAITHUONG\\Desktop\\final\\react-training\\practice-3\\src\\components\\Modal\\ModalCreate\\ModalCreate.tsx": {"path":"C:\\Users\\HOAITHUONG\\Desktop\\final\\react-training\\practice-3\\src\\components\\Modal\\ModalCreate\\ModalCreate.tsx","statementMap":{"0":{"start":{"line":1,"column":0},"end":{"line":1,"column":40}},"1":{"start":{"line":4,"column":0},"end":{"line":4,"column":44}},"2":{"start":{"line":5,"column":0},"end":{"line":5,"column":43}},"3":{"start":{"line":6,"column":0},"end":{"line":6,"column":46}},"4":{"start":{"line":7,"column":0},"end":{"line":7,"column":49}},"5":{"start":{"line":10,"column":0},"end":{"line":10,"column":34}},"6":{"start":{"line":11,"column":0},"end":{"line":11,"column":49}},"7":{"start":{"line":12,"column":0},"end":{"line":12,"column":41}},"8":{"start":{"line":13,"column":0},"end":{"line":13,"column":27}},"9":{"start":{"line":15,"column":48},"end":{"line":215,"column":1}},"10":{"start":{"line":19,"column":38},"end":{"line":19,"column":50}},"11":{"start":{"line":20,"column":19},"end":{"line":20,"column":33}},"12":{"start":{"line":21,"column":18},"end":{"line":21,"column":54}},"13":{"start":{"line":21,"column":24},"end":{"line":21,"column":54}},"14":{"start":{"line":22,"column":19},"end":{"line":22,"column":39}},"15":{"start":{"line":23,"column":42},"end":{"line":23,"column":54}},"16":{"start":{"line":24,"column":38},"end":{"line":24,"column":70}},"17":{"start":{"line":26,"column":30},"end":{"line":33,"column":3}},"18":{"start":{"line":27,"column":5},"end":{"line":31,"column":6}},"19":{"start":{"line":29,"column":8},"end":{"line":29,"column":41}},"20":{"start":{"line":32,"column":4},"end":{"line":32,"column":22}},"21":{"start":{"line":35,"column":30},"end":{"line":53,"column":3}},"22":{"start":{"line":36,"column":29},"end":{"line":36,"column":31}},"23":{"start":{"line":37,"column":4},"end":{"line":39,"column":null}},"24":{"start":{"line":37,"column":17},"end":{"line":37,"column":18}},"25":{"start":{"line":38,"column":6},"end":{"line":38,"column":35}},"26":{"start":{"line":40,"column":4},"end":{"line":40,"column":40}},"27":{"start":{"line":41,"column":18},"end":{"line":46,"column":null}},"28":{"start":{"line":43,"column":8},"end":{"line":45,"column":null}},"29":{"start":{"line":44,"column":10},"end":{"line":44,"column":23}},"30":{"start":{"line":49,"column":4},"end":{"line":52,"column":null}},"31":{"start":{"line":50,"column":6},"end":{"line":50,"column":28}},"32":{"start":{"line":51,"column":6},"end":{"line":51,"column":69}},"33":{"start":{"line":55,"column":23},"end":{"line":60,"column":3}},"34":{"start":{"line":56,"column":18},"end":{"line":56,"column":36}},"35":{"start":{"line":57,"column":22},"end":{"line":57,"column":39}},"36":{"start":{"line":58,"column":4},"end":{"line":58,"column":57}},"37":{"start":{"line":59,"column":4},"end":{"line":59,"column":64}},"38":{"start":{"line":62,"column":22},"end":{"line":70,"column":3}},"39":{"start":{"line":63,"column":18},"end":{"line":63,"column":36}},"40":{"start":{"line":64,"column":4},"end":{"line":69,"column":null}},"41":{"start":{"line":65,"column":6},"end":{"line":68,"column":null}},"42":{"start":{"line":65,"column":19},"end":{"line":65,"column":20}},"43":{"start":{"line":66,"column":25},"end":{"line":66,"column":50}},"44":{"start":{"line":67,"column":8},"end":{"line":67,"column":78}},"45":{"start":{"line":67,"column":42},"end":{"line":67,"column":76}},"46":{"start":{"line":72,"column":28},"end":{"line":79,"column":3}},"47":{"start":{"line":73,"column":19},"end":{"line":73,"column":42}},"48":{"start":{"line":74,"column":23},"end":{"line":75,"column":null}},"49":{"start":{"line":75,"column":24},"end":{"line":75,"column":71}},"50":{"start":{"line":77,"column":4},"end":{"line":77,"column":39}},"51":{"start":{"line":78,"column":4},"end":{"line":78,"column":39}},"52":{"start":{"line":81,"column":2},"end":{"line":214,"column":4}},"53":{"start":{"line":133,"column":18},"end":{"line":133,"column":38}},"54":{"start":{"line":174,"column":20},"end":{"line":177,"column":null}},"55":{"start":{"line":206,"column":29},"end":{"line":206,"column":50}},"56":{"start":{"line":217,"column":0},"end":{"line":217,"column":27}}},"fnMap":{"0":{"name":"(anonymous_0)","decl":{"start":{"line":15,"column":48},"end":{"line":15,"column":49}},"loc":{"start":{"line":18,"column":5},"end":{"line":215,"column":1}}},"1":{"name":"(anonymous_1)","decl":{"start":{"line":21,"column":18},"end":{"line":21,"column":21}},"loc":{"start":{"line":21,"column":24},"end":{"line":21,"column":54}}},"2":{"name":"(anonymous_2)","decl":{"start":{"line":26,"column":30},"end":{"line":26,"column":33}},"loc":{"start":{"line":26,"column":35},"end":{"line":33,"column":3}}},"3":{"name":"(anonymous_3)","decl":{"start":{"line":28,"column":6},"end":{"line":28,"column":7}},"loc":{"start":{"line":28,"column":20},"end":{"line":30,"column":7}}},"4":{"name":"(anonymous_4)","decl":{"start":{"line":35,"column":30},"end":{"line":35,"column":33}},"loc":{"start":{"line":35,"column":35},"end":{"line":53,"column":3}}},"5":{"name":"(anonymous_5)","decl":{"start":{"line":42,"column":6},"end":{"line":42,"column":7}},"loc":{"start":{"line":42,"column":20},"end":{"line":46,"column":7}}},"6":{"name":"(anonymous_6)","decl":{"start":{"line":55,"column":23},"end":{"line":55,"column":24}},"loc":{"start":{"line":55,"column":78},"end":{"line":60,"column":3}}},"7":{"name":"(anonymous_7)","decl":{"start":{"line":62,"column":22},"end":{"line":62,"column":27}},"loc":{"start":{"line":62,"column":66},"end":{"line":70,"column":3}}},"8":{"name":"(anonymous_8)","decl":{"start":{"line":67,"column":24},"end":{"line":67,"column":25}},"loc":{"start":{"line":67,"column":42},"end":{"line":67,"column":76}}},"9":{"name":"(anonymous_9)","decl":{"start":{"line":72,"column":28},"end":{"line":72,"column":29}},"loc":{"start":{"line":72,"column":65},"end":{"line":79,"column":3}}},"10":{"name":"(anonymous_10)","decl":{"start":{"line":75,"column":6},"end":{"line":75,"column":7}},"loc":{"start":{"line":75,"column":24},"end":{"line":75,"column":71}}},"11":{"name":"(anonymous_11)","decl":{"start":{"line":132,"column":27},"end":{"line":132,"column":28}},"loc":{"start":{"line":133,"column":18},"end":{"line":133,"column":38}}},"12":{"name":"(anonymous_12)","decl":{"start":{"line":173,"column":35},"end":{"line":173,"column":36}},"loc":{"start":{"line":174,"column":20},"end":{"line":177,"column":null}}},"13":{"name":"(anonymous_13)","decl":{"start":{"line":206,"column":23},"end":{"line":206,"column":26}},"loc":{"start":{"line":206,"column":29},"end":{"line":206,"column":50}}}},"branchMap":{"0":{"loc":{"start":{"line":43,"column":8},"end":{"line":45,"column":null}},"type":"if","locations":[{"start":{"line":43,"column":8},"end":{"line":45,"column":null}}]},"1":{"loc":{"start":{"line":49,"column":4},"end":{"line":52,"column":null}},"type":"if","locations":[{"start":{"line":49,"column":4},"end":{"line":52,"column":null}}]},"2":{"loc":{"start":{"line":64,"column":4},"end":{"line":69,"column":null}},"type":"if","locations":[{"start":{"line":64,"column":4},"end":{"line":69,"column":null}}]},"3":{"loc":{"start":{"line":105,"column":17},"end":{"line":105,"column":67}},"type":"cond-expr","locations":[{"start":{"line":105,"column":41},"end":{"line":105,"column":62}},{"start":{"line":105,"column":65},"end":{"line":105,"column":67}}]},"4":{"loc":{"start":{"line":119,"column":17},"end":{"line":121,"column":22}},"type":"cond-expr","locations":[{"start":{"line":120,"column":20},"end":{"line":120,"column":48}},{"start":{"line":121,"column":20},"end":{"line":121,"column":22}}]},"5":{"loc":{"start":{"line":139,"column":17},"end":{"line":139,"column":79}},"type":"cond-expr","locations":[{"start":{"line":139,"column":47},"end":{"line":139,"column":74}},{"start":{"line":139,"column":77},"end":{"line":139,"column":79}}]},"6":{"loc":{"start":{"line":153,"column":19},"end":{"line":153,"column":71}},"type":"cond-expr","locations":[{"start":{"line":153,"column":44},"end":{"line":153,"column":66}},{"start":{"line":153,"column":69},"end":{"line":153,"column":71}}]},"7":{"loc":{"start":{"line":166,"column":19},"end":{"line":166,"column":77}},"type":"cond-expr","locations":[{"start":{"line":166,"column":47},"end":{"line":166,"column":72}},{"start":{"line":166,"column":75},"end":{"line":166,"column":77}}]},"8":{"loc":{"start":{"line":172,"column":17},"end":{"line":182,"column":20}},"type":"binary-expr","locations":[{"start":{"line":172,"column":17},"end":{"line":172,"column":40}},{"start":{"line":173,"column":18},"end":{"line":182,"column":20}}]}},"s":{"0":3,"1":3,"2":3,"3":3,"4":3,"5":3,"6":3,"7":3,"8":3,"9":3,"10":10,"11":10,"12":10,"13":2,"14":10,"15":10,"16":10,"17":10,"18":1,"19":6,"20":1,"21":10,"22":1,"23":1,"24":1,"25":0,"26":1,"27":1,"28":6,"29":5,"30":1,"31":0,"32":0,"33":10,"34":1,"35":1,"36":1,"37":1,"38":10,"39":1,"40":1,"41":1,"42":1,"43":1,"44":1,"45":1,"46":10,"47":0,"48":0,"49":0,"50":0,"51":0,"52":10,"53":0,"54":1,"55":1,"56":3},"f":{"0":10,"1":2,"2":1,"3":6,"4":1,"5":6,"6":1,"7":1,"8":1,"9":0,"10":0,"11":0,"12":1,"13":1},"b":{"0":[5],"1":[0],"2":[1],"3":[2,8],"4":[2,8],"5":[2,8],"6":[2,8],"7":[2,8],"8":[10,1]}}
,"C:\\Users\\HOAITHUONG\\Desktop\\final\\react-training\\practice-3\\src\\components\\Modal\\ModalCreate\\modalCreate.css": {"path":"C:\\Users\\HOAITHUONG\\Desktop\\final\\react-training\\practice-3\\src\\components\\Modal\\ModalCreate\\modalCreate.css","statementMap":{"0":{"start":{"line":1,"column":0},"end":{"line":1,"column":19}}},"fnMap":{},"branchMap":{},"s":{"0":3},"f":{},"b":{},"_coverageSchema":"1a1c01bbd47fc00a2c39e90264f33305004495a9","hash":"e2c5370f7f85df5aa9b695f800745035c61fe222"}
,"C:\\Users\\HOAITHUONG\\Desktop\\final\\react-training\\practice-3\\src\\components\\Modal\\ModalDelete\\ModalDelete.tsx": {"path":"C:\\Users\\HOAITHUONG\\Desktop\\final\\react-training\\practice-3\\src\\components\\Modal\\ModalDelete\\ModalDelete.tsx","statementMap":{"0":{"start":{"line":3,"column":0},"end":{"line":3,"column":27}},"1":{"start":{"line":5,"column":48},"end":{"line":21,"column":1}},"2":{"start":{"line":6,"column":2},"end":{"line":20,"column":4}},"3":{"start":{"line":15,"column":82},"end":{"line":15,"column":99}},"4":{"start":{"line":23,"column":0},"end":{"line":23,"column":27}}},"fnMap":{"0":{"name":"(anonymous_0)","decl":{"start":{"line":5,"column":48},"end":{"line":5,"column":49}},"loc":{"start":{"line":5,"column":91},"end":{"line":21,"column":1}}},"1":{"name":"(anonymous_1)","decl":{"start":{"line":15,"column":76},"end":{"line":15,"column":79}},"loc":{"start":{"line":15,"column":82},"end":{"line":15,"column":99}}}},"branchMap":{},"s":{"0":4,"1":4,"2":4,"3":1,"4":4},"f":{"0":4,"1":1},"b":{}}
,"C:\\Users\\HOAITHUONG\\Desktop\\final\\react-training\\practice-3\\src\\components\\Modal\\ModalDelete\\modalDelete.css": {"path":"C:\\Users\\HOAITHUONG\\Desktop\\final\\react-training\\practice-3\\src\\components\\Modal\\ModalDelete\\modalDelete.css","statementMap":{"0":{"start":{"line":1,"column":0},"end":{"line":1,"column":19}}},"fnMap":{},"branchMap":{},"s":{"0":4},"f":{},"b":{},"_coverageSchema":"1a1c01bbd47fc00a2c39e90264f33305004495a9","hash":"881fc628c99335d03d4a017fc8242bf8dd0f3e8f"}
,"C:\\Users\\HOAITHUONG\\Desktop\\final\\react-training\\practice-3\\src\\components\\Modal\\ModalUpdate\\ModalUpdate.tsx": {"path":"C:\\Users\\HOAITHUONG\\Desktop\\final\\react-training\\practice-3\\src\\components\\Modal\\ModalUpdate\\ModalUpdate.tsx","statementMap":{"0":{"start":{"line":1,"column":0},"end":{"line":1,"column":34}},"1":{"start":{"line":2,"column":0},"end":{"line":2,"column":40}},"2":{"start":{"line":6,"column":0},"end":{"line":6,"column":44}},"3":{"start":{"line":7,"column":0},"end":{"line":7,"column":49}},"4":{"start":{"line":8,"column":0},"end":{"line":8,"column":63}},"5":{"start":{"line":9,"column":0},"end":{"line":9,"column":50}},"6":{"start":{"line":10,"column":0},"end":{"line":10,"column":39}},"7":{"start":{"line":11,"column":0},"end":{"line":11,"column":27}},"8":{"start":{"line":13,"column":48},"end":{"line":205,"column":1}},"9":{"start":{"line":19,"column":19},"end":{"line":19,"column":33}},"10":{"start":{"line":20,"column":18},"end":{"line":20,"column":54}},"11":{"start":{"line":20,"column":24},"end":{"line":20,"column":54}},"12":{"start":{"line":21,"column":27},"end":{"line":21,"column":47}},"13":{"start":{"line":22,"column":42},"end":{"line":22,"column":54}},"14":{"start":{"line":23,"column":40},"end":{"line":23,"column":57}},"15":{"start":{"line":24,"column":24},"end":{"line":38,"column":3}},"16":{"start":{"line":25,"column":33},"end":{"line":33,"column":6}},"17":{"start":{"line":34,"column":4},"end":{"line":34,"column":49}},"18":{"start":{"line":35,"column":4},"end":{"line":35,"column":13}},"19":{"start":{"line":36,"column":4},"end":{"line":36,"column":27}},"20":{"start":{"line":37,"column":4},"end":{"line":37,"column":54}},"21":{"start":{"line":40,"column":30},"end":{"line":46,"column":3}},"22":{"start":{"line":41,"column":4},"end":{"line":43,"column":null}},"23":{"start":{"line":41,"column":17},"end":{"line":41,"column":18}},"24":{"start":{"line":42,"column":6},"end":{"line":42,"column":47}},"25":{"start":{"line":44,"column":4},"end":{"line":44,"column":35}},"26":{"start":{"line":45,"column":4},"end":{"line":45,"column":22}},"27":{"start":{"line":48,"column":23},"end":{"line":52,"column":3}},"28":{"start":{"line":49,"column":18},"end":{"line":49,"column":36}},"29":{"start":{"line":50,"column":16},"end":{"line":50,"column":33}},"30":{"start":{"line":51,"column":4},"end":{"line":51,"column":53}},"31":{"start":{"line":54,"column":22},"end":{"line":62,"column":3}},"32":{"start":{"line":55,"column":18},"end":{"line":55,"column":36}},"33":{"start":{"line":56,"column":4},"end":{"line":61,"column":null}},"34":{"start":{"line":57,"column":6},"end":{"line":60,"column":null}},"35":{"start":{"line":57,"column":19},"end":{"line":57,"column":20}},"36":{"start":{"line":58,"column":25},"end":{"line":58,"column":50}},"37":{"start":{"line":59,"column":8},"end":{"line":59,"column":78}},"38":{"start":{"line":59,"column":42},"end":{"line":59,"column":76}},"39":{"start":{"line":64,"column":28},"end":{"line":75,"column":3}},"40":{"start":{"line":65,"column":19},"end":{"line":65,"column":42}},"41":{"start":{"line":66,"column":23},"end":{"line":67,"column":null}},"42":{"start":{"line":67,"column":24},"end":{"line":67,"column":71}},"43":{"start":{"line":69,"column":20},"end":{"line":70,"column":null}},"44":{"start":{"line":70,"column":24},"end":{"line":70,"column":71}},"45":{"start":{"line":72,"column":4},"end":{"line":72,"column":36}},"46":{"start":{"line":73,"column":4},"end":{"line":73,"column":45}},"47":{"start":{"line":74,"column":4},"end":{"line":74,"column":39}},"48":{"start":{"line":77,"column":2},"end":{"line":204,"column":4}},"49":{"start":{"line":117,"column":18},"end":{"line":118,"column":null}},"50":{"start":{"line":154,"column":18},"end":{"line":155,"column":null}},"51":{"start":{"line":164,"column":20},"end":{"line":166,"column":null}},"52":{"start":{"line":196,"column":29},"end":{"line":196,"column":73}},"53":{"start":{"line":207,"column":0},"end":{"line":207,"column":27}}},"fnMap":{"0":{"name":"(anonymous_0)","decl":{"start":{"line":13,"column":48},"end":{"line":13,"column":49}},"loc":{"start":{"line":18,"column":5},"end":{"line":205,"column":1}}},"1":{"name":"(anonymous_1)","decl":{"start":{"line":20,"column":18},"end":{"line":20,"column":21}},"loc":{"start":{"line":20,"column":24},"end":{"line":20,"column":54}}},"2":{"name":"(anonymous_2)","decl":{"start":{"line":24,"column":24},"end":{"line":24,"column":29}},"loc":{"start":{"line":24,"column":67},"end":{"line":38,"column":3}}},"3":{"name":"(anonymous_3)","decl":{"start":{"line":40,"column":30},"end":{"line":40,"column":35}},"loc":{"start":{"line":40,"column":73},"end":{"line":46,"column":3}}},"4":{"name":"(anonymous_4)","decl":{"start":{"line":48,"column":23},"end":{"line":48,"column":24}},"loc":{"start":{"line":48,"column":74},"end":{"line":52,"column":3}}},"5":{"name":"(anonymous_5)","decl":{"start":{"line":54,"column":22},"end":{"line":54,"column":27}},"loc":{"start":{"line":54,"column":66},"end":{"line":62,"column":3}}},"6":{"name":"(anonymous_6)","decl":{"start":{"line":59,"column":24},"end":{"line":59,"column":25}},"loc":{"start":{"line":59,"column":42},"end":{"line":59,"column":76}}},"7":{"name":"(anonymous_7)","decl":{"start":{"line":64,"column":28},"end":{"line":64,"column":29}},"loc":{"start":{"line":64,"column":64},"end":{"line":75,"column":3}}},"8":{"name":"(anonymous_8)","decl":{"start":{"line":67,"column":6},"end":{"line":67,"column":7}},"loc":{"start":{"line":67,"column":24},"end":{"line":67,"column":71}}},"9":{"name":"(anonymous_9)","decl":{"start":{"line":70,"column":6},"end":{"line":70,"column":7}},"loc":{"start":{"line":70,"column":24},"end":{"line":70,"column":71}}},"10":{"name":"(anonymous_10)","decl":{"start":{"line":116,"column":27},"end":{"line":116,"column":28}},"loc":{"start":{"line":117,"column":18},"end":{"line":118,"column":null}}},"11":{"name":"(anonymous_11)","decl":{"start":{"line":153,"column":42},"end":{"line":153,"column":43}},"loc":{"start":{"line":154,"column":18},"end":{"line":155,"column":null}}},"12":{"name":"(anonymous_12)","decl":{"start":{"line":163,"column":35},"end":{"line":163,"column":36}},"loc":{"start":{"line":164,"column":20},"end":{"line":166,"column":null}}},"13":{"name":"(anonymous_13)","decl":{"start":{"line":196,"column":23},"end":{"line":196,"column":26}},"loc":{"start":{"line":196,"column":29},"end":{"line":196,"column":73}}}},"branchMap":{"0":{"loc":{"start":{"line":56,"column":4},"end":{"line":61,"column":null}},"type":"if","locations":[{"start":{"line":56,"column":4},"end":{"line":61,"column":null}}]},"1":{"loc":{"start":{"line":162,"column":17},"end":{"line":172,"column":20}},"type":"binary-expr","locations":[{"start":{"line":162,"column":17},"end":{"line":162,"column":40}},{"start":{"line":163,"column":18},"end":{"line":172,"column":20}}]}},"s":{"0":3,"1":3,"2":3,"3":3,"4":3,"5":3,"6":3,"7":3,"8":3,"9":9,"10":9,"11":3,"12":9,"13":9,"14":9,"15":9,"16":1,"17":1,"18":1,"19":1,"20":1,"21":9,"22":1,"23":1,"24":0,"25":1,"26":1,"27":9,"28":1,"29":1,"30":1,"31":9,"32":1,"33":1,"34":1,"35":1,"36":1,"37":1,"38":1,"39":9,"40":0,"41":0,"42":0,"43":0,"44":0,"45":0,"46":0,"47":0,"48":9,"49":0,"50":8,"51":1,"52":1,"53":3},"f":{"0":9,"1":3,"2":1,"3":1,"4":1,"5":1,"6":1,"7":0,"8":0,"9":0,"10":0,"11":8,"12":1,"13":1},"b":{"0":[1],"1":[9,1]}}
,"C:\\Users\\HOAITHUONG\\Desktop\\final\\react-training\\practice-3\\src\\components\\Modal\\ModalUpdate\\modalUpdate.css": {"path":"C:\\Users\\HOAITHUONG\\Desktop\\final\\react-training\\practice-3\\src\\components\\Modal\\ModalUpdate\\modalUpdate.css","statementMap":{"0":{"start":{"line":1,"column":0},"end":{"line":1,"column":19}}},"fnMap":{},"branchMap":{},"s":{"0":3},"f":{},"b":{},"_coverageSchema":"1a1c01bbd47fc00a2c39e90264f33305004495a9","hash":"0fa4a10b3d0424e4bb92f5cdde10c79e0f9a912b"}
,"C:\\Users\\HOAITHUONG\\Desktop\\final\\react-training\\practice-3\\src\\components\\Price\\Price.tsx": {"path":"C:\\Users\\HOAITHUONG\\Desktop\\final\\react-training\\practice-3\\src\\components\\Price\\Price.tsx","statementMap":{"0":{"start":{"line":1,"column":0},"end":{"line":1,"column":36}},"1":{"start":{"line":3,"column":0},"end":{"line":3,"column":21}},"2":{"start":{"line":5,"column":36},"end":{"line":11,"column":2}},"3":{"start":{"line":6,"column":2},"end":{"line":10,"column":4}},"4":{"start":{"line":13,"column":0},"end":{"line":13,"column":21}}},"fnMap":{"0":{"name":"(anonymous_0)","decl":{"start":{"line":5,"column":41},"end":{"line":5,"column":42}},"loc":{"start":{"line":5,"column":66},"end":{"line":11,"column":1}}}},"branchMap":{},"s":{"0":7,"1":7,"2":7,"3":10,"4":7},"f":{"0":10},"b":{}}
,"C:\\Users\\HOAITHUONG\\Desktop\\final\\react-training\\practice-3\\src\\components\\Price\\price.css": {"path":"C:\\Users\\HOAITHUONG\\Desktop\\final\\react-training\\practice-3\\src\\components\\Price\\price.css","statementMap":{"0":{"start":{"line":1,"column":0},"end":{"line":1,"column":19}}},"fnMap":{},"branchMap":{},"s":{"0":7},"f":{},"b":{},"_coverageSchema":"1a1c01bbd47fc00a2c39e90264f33305004495a9","hash":"339bd3c1a1a3cb3106f71bb413a88ce20d2b0eed"}
,"C:\\Users\\HOAITHUONG\\Desktop\\final\\react-training\\practice-3\\src\\components\\Text\\Text.tsx": {"path":"C:\\Users\\HOAITHUONG\\Desktop\\final\\react-training\\practice-3\\src\\components\\Text\\Text.tsx","statementMap":{"0":{"start":{"line":1,"column":0},"end":{"line":1,"column":36}},"1":{"start":{"line":4,"column":35},"end":{"line":10,"column":2}},"2":{"start":{"line":5,"column":2},"end":{"line":9,"column":4}},"3":{"start":{"line":12,"column":0},"end":{"line":12,"column":20}}},"fnMap":{"0":{"name":"(anonymous_0)","decl":{"start":{"line":4,"column":40},"end":{"line":4,"column":41}},"loc":{"start":{"line":4,"column":64},"end":{"line":10,"column":1}}}},"branchMap":{},"s":{"0":5,"1":5,"2":8,"3":5},"f":{"0":8},"b":{}}
,"C:\\Users\\HOAITHUONG\\Desktop\\final\\react-training\\practice-3\\src\\components\\common\\Button\\Button.tsx": {"path":"C:\\Users\\HOAITHUONG\\Desktop\\final\\react-training\\practice-3\\src\\components\\common\\Button\\Button.tsx","statementMap":{"0":{"start":{"line":1,"column":0},"end":{"line":1,"column":36}},"1":{"start":{"line":3,"column":0},"end":{"line":3,"column":22}},"2":{"start":{"line":5,"column":38},"end":{"line":11,"column":2}},"3":{"start":{"line":6,"column":2},"end":{"line":10,"column":4}},"4":{"start":{"line":13,"column":0},"end":{"line":13,"column":22}}},"fnMap":{"0":{"name":"(anonymous_0)","decl":{"start":{"line":5,"column":43},"end":{"line":5,"column":44}},"loc":{"start":{"line":5,"column":76},"end":{"line":11,"column":1}}}},"branchMap":{},"s":{"0":6,"1":6,"2":6,"3":14,"4":6},"f":{"0":14},"b":{}}
,"C:\\Users\\HOAITHUONG\\Desktop\\final\\react-training\\practice-3\\src\\components\\common\\Button\\button.css": {"path":"C:\\Users\\HOAITHUONG\\Desktop\\final\\react-training\\practice-3\\src\\components\\common\\Button\\button.css","statementMap":{"0":{"start":{"line":1,"column":0},"end":{"line":1,"column":19}}},"fnMap":{},"branchMap":{},"s":{"0":6},"f":{},"b":{},"_coverageSchema":"1a1c01bbd47fc00a2c39e90264f33305004495a9","hash":"240392249591298dafbe911ac603d0bddccfa174"}
,"C:\\Users\\HOAITHUONG\\Desktop\\final\\react-training\\practice-3\\src\\components\\common\\Footer\\Footer.tsx": {"path":"C:\\Users\\HOAITHUONG\\Desktop\\final\\react-training\\practice-3\\src\\components\\common\\Footer\\Footer.tsx","statementMap":{"0":{"start":{"line":1,"column":0},"end":{"line":1,"column":36}},"1":{"start":{"line":2,"column":0},"end":{"line":2,"column":22}},"2":{"start":{"line":4,"column":25},"end":{"line":12,"column":2}},"3":{"start":{"line":5,"column":2},"end":{"line":11,"column":4}},"4":{"start":{"line":14,"column":0},"end":{"line":14,"column":22}}},"fnMap":{"0":{"name":"(anonymous_0)","decl":{"start":{"line":4,"column":30},"end":{"line":4,"column":33}},"loc":{"start":{"line":4,"column":35},"end":{"line":12,"column":1}}}},"branchMap":{},"s":{"0":2,"1":2,"2":2,"3":6,"4":2},"f":{"0":6},"b":{}}
,"C:\\Users\\HOAITHUONG\\Desktop\\final\\react-training\\practice-3\\src\\components\\common\\Footer\\footer.css": {"path":"C:\\Users\\HOAITHUONG\\Desktop\\final\\react-training\\practice-3\\src\\components\\common\\Footer\\footer.css","statementMap":{"0":{"start":{"line":1,"column":0},"end":{"line":1,"column":19}}},"fnMap":{},"branchMap":{},"s":{"0":2},"f":{},"b":{},"_coverageSchema":"1a1c01bbd47fc00a2c39e90264f33305004495a9","hash":"a87681d8612cc529514c1def4c1dcd2c094d5153"}
,"C:\\Users\\HOAITHUONG\\Desktop\\final\\react-training\\practice-3\\src\\components\\common\\Header\\Header.tsx": {"path":"C:\\Users\\HOAITHUONG\\Desktop\\final\\react-training\\practice-3\\src\\components\\common\\Header\\Header.tsx","statementMap":{"0":{"start":{"line":1,"column":0},"end":{"line":1,"column":36}},"1":{"start":{"line":2,"column":0},"end":{"line":2,"column":32}},"2":{"start":{"line":3,"column":0},"end":{"line":3,"column":50}},"3":{"start":{"line":4,"column":0},"end":{"line":4,"column":68}},"4":{"start":{"line":5,"column":0},"end":{"line":5,"column":32}},"5":{"start":{"line":6,"column":0},"end":{"line":6,"column":41}},"6":{"start":{"line":7,"column":0},"end":{"line":7,"column":38}},"7":{"start":{"line":8,"column":0},"end":{"line":8,"column":22}},"8":{"start":{"line":10,"column":25},"end":{"line":27,"column":2}},"9":{"start":{"line":11,"column":2},"end":{"line":26,"column":4}},"10":{"start":{"line":29,"column":0},"end":{"line":29,"column":22}}},"fnMap":{"0":{"name":"(anonymous_0)","decl":{"start":{"line":10,"column":30},"end":{"line":10,"column":33}},"loc":{"start":{"line":10,"column":35},"end":{"line":27,"column":1}}}},"branchMap":{},"s":{"0":2,"1":2,"2":2,"3":2,"4":2,"5":2,"6":2,"7":2,"8":2,"9":6,"10":2},"f":{"0":6},"b":{}}
,"C:\\Users\\HOAITHUONG\\Desktop\\final\\react-training\\practice-3\\src\\components\\common\\Header\\header.css": {"path":"C:\\Users\\HOAITHUONG\\Desktop\\final\\react-training\\practice-3\\src\\components\\common\\Header\\header.css","statementMap":{"0":{"start":{"line":1,"column":0},"end":{"line":1,"column":19}}},"fnMap":{},"branchMap":{},"s":{"0":2},"f":{},"b":{},"_coverageSchema":"1a1c01bbd47fc00a2c39e90264f33305004495a9","hash":"db93b83d87725bc2db697c28cd7c6e5f15af9c8b"}
,"C:\\Users\\HOAITHUONG\\Desktop\\final\\react-training\\practice-3\\src\\components\\common\\Logo\\Logo.tsx": {"path":"C:\\Users\\HOAITHUONG\\Desktop\\final\\react-training\\practice-3\\src\\components\\common\\Logo\\Logo.tsx","statementMap":{"0":{"start":{"line":1,"column":0},"end":{"line":1,"column":36}},"1":{"start":{"line":3,"column":0},"end":{"line":3,"column":20}},"2":{"start":{"line":5,"column":34},"end":{"line":11,"column":2}},"3":{"start":{"line":6,"column":2},"end":{"line":10,"column":4}},"4":{"start":{"line":13,"column":0},"end":{"line":13,"column":20}}},"fnMap":{"0":{"name":"(anonymous_0)","decl":{"start":{"line":5,"column":39},"end":{"line":5,"column":40}},"loc":{"start":{"line":5,"column":62},"end":{"line":11,"column":1}}}},"branchMap":{},"s":{"0":3,"1":3,"2":3,"3":8,"4":3},"f":{"0":8},"b":{}}
,"C:\\Users\\HOAITHUONG\\Desktop\\final\\react-training\\practice-3\\src\\components\\common\\Logo\\logo.css": {"path":"C:\\Users\\HOAITHUONG\\Desktop\\final\\react-training\\practice-3\\src\\components\\common\\Logo\\logo.css","statementMap":{"0":{"start":{"line":1,"column":0},"end":{"line":1,"column":19}}},"fnMap":{},"branchMap":{},"s":{"0":3},"f":{},"b":{},"_coverageSchema":"1a1c01bbd47fc00a2c39e90264f33305004495a9","hash":"5ceb9689f38897770b86427bb87372a0377db59e"}
,"C:\\Users\\HOAITHUONG\\Desktop\\final\\react-training\\practice-3\\src\\components\\common\\Menu\\Menu.tsx": {"path":"C:\\Users\\HOAITHUONG\\Desktop\\final\\react-training\\practice-3\\src\\components\\common\\Menu\\Menu.tsx","statementMap":{"0":{"start":{"line":1,"column":0},"end":{"line":1,"column":36}},"1":{"start":{"line":3,"column":0},"end":{"line":3,"column":20}},"2":{"start":{"line":5,"column":34},"end":{"line":19,"column":2}},"3":{"start":{"line":7,"column":4},"end":{"line":11,"column":6}},"4":{"start":{"line":8,"column":6},"end":{"line":8,"column":null}},"5":{"start":{"line":14,"column":2},"end":{"line":18,"column":4}},"6":{"start":{"line":21,"column":0},"end":{"line":21,"column":20}}},"fnMap":{"0":{"name":"(anonymous_0)","decl":{"start":{"line":5,"column":39},"end":{"line":5,"column":40}},"loc":{"start":{"line":5,"column":56},"end":{"line":19,"column":1}}},"1":{"name":"renderMenuList","decl":{"start":{"line":6,"column":11},"end":{"line":6,"column":25}},"loc":{"start":{"line":6,"column":42},"end":{"line":12,"column":3}}},"2":{"name":"(anonymous_2)","decl":{"start":{"line":7,"column":20},"end":{"line":7,"column":21}},"loc":{"start":{"line":8,"column":6},"end":{"line":8,"column":null}}}},"branchMap":{},"s":{"0":3,"1":3,"2":3,"3":8,"4":48,"5":8,"6":3},"f":{"0":8,"1":8,"2":48},"b":{}}
,"C:\\Users\\HOAITHUONG\\Desktop\\final\\react-training\\practice-3\\src\\components\\common\\Menu\\menu.css": {"path":"C:\\Users\\HOAITHUONG\\Desktop\\final\\react-training\\practice-3\\src\\components\\common\\Menu\\menu.css","statementMap":{"0":{"start":{"line":1,"column":0},"end":{"line":1,"column":19}}},"fnMap":{},"branchMap":{},"s":{"0":3},"f":{},"b":{},"_coverageSchema":"1a1c01bbd47fc00a2c39e90264f33305004495a9","hash":"a3058d88ac1538cdf52d47c4f4b10827850878f7"}
,"C:\\Users\\HOAITHUONG\\Desktop\\final\\react-training\\practice-3\\src\\components\\common\\Navigation\\Navigation.tsx": {"path":"C:\\Users\\HOAITHUONG\\Desktop\\final\\react-training\\practice-3\\src\\components\\common\\Navigation\\Navigation.tsx","statementMap":{"0":{"start":{"line":1,"column":0},"end":{"line":1,"column":36}},"1":{"start":{"line":2,"column":0},"end":{"line":2,"column":62}},"2":{"start":{"line":3,"column":0},"end":{"line":3,"column":26}},"3":{"start":{"line":5,"column":29},"end":{"line":23,"column":2}},"4":{"start":{"line":6,"column":2},"end":{"line":22,"column":4}},"5":{"start":{"line":25,"column":0},"end":{"line":25,"column":26}}},"fnMap":{"0":{"name":"(anonymous_0)","decl":{"start":{"line":5,"column":34},"end":{"line":5,"column":37}},"loc":{"start":{"line":5,"column":39},"end":{"line":23,"column":1}}}},"branchMap":{},"s":{"0":2,"1":2,"2":2,"3":2,"4":6,"5":2},"f":{"0":6},"b":{}}
,"C:\\Users\\HOAITHUONG\\Desktop\\final\\react-training\\practice-3\\src\\components\\common\\Navigation\\navigation.css": {"path":"C:\\Users\\HOAITHUONG\\Desktop\\final\\react-training\\practice-3\\src\\components\\common\\Navigation\\navigation.css","statementMap":{"0":{"start":{"line":1,"column":0},"end":{"line":1,"column":19}}},"fnMap":{},"branchMap":{},"s":{"0":2},"f":{},"b":{},"_coverageSchema":"1a1c01bbd47fc00a2c39e90264f33305004495a9","hash":"75de6b3d34a9687f229e74f51876db05f933d382"}
,"C:\\Users\\HOAITHUONG\\Desktop\\final\\react-training\\practice-3\\src\\components\\common\\Title\\Title.tsx": {"path":"C:\\Users\\HOAITHUONG\\Desktop\\final\\react-training\\practice-3\\src\\components\\common\\Title\\Title.tsx","statementMap":{"0":{"start":{"line":1,"column":0},"end":{"line":1,"column":36}},"1":{"start":{"line":3,"column":0},"end":{"line":3,"column":21}},"2":{"start":{"line":5,"column":36},"end":{"line":11,"column":2}},"3":{"start":{"line":6,"column":2},"end":{"line":10,"column":4}},"4":{"start":{"line":13,"column":0},"end":{"line":13,"column":21}}},"fnMap":{"0":{"name":"(anonymous_0)","decl":{"start":{"line":5,"column":41},"end":{"line":5,"column":42}},"loc":{"start":{"line":5,"column":65},"end":{"line":11,"column":1}}}},"branchMap":{},"s":{"0":7,"1":7,"2":7,"3":10,"4":7},"f":{"0":10},"b":{}}
,"C:\\Users\\HOAITHUONG\\Desktop\\final\\react-training\\practice-3\\src\\components\\common\\Title\\title.css": {"path":"C:\\Users\\HOAITHUONG\\Desktop\\final\\react-training\\practice-3\\src\\components\\common\\Title\\title.css","statementMap":{"0":{"start":{"line":1,"column":0},"end":{"line":1,"column":19}}},"fnMap":{},"branchMap":{},"s":{"0":7},"f":{},"b":{},"_coverageSchema":"1a1c01bbd47fc00a2c39e90264f33305004495a9","hash":"640eb2f3586c6f53d829685de8ce860432321520"}
,"C:\\Users\\HOAITHUONG\\Desktop\\final\\react-training\\practice-3\\src\\constants\\categories.ts": {"path":"C:\\Users\\HOAITHUONG\\Desktop\\final\\react-training\\practice-3\\src\\constants\\categories.ts","statementMap":{"0":{"start":{"line":3,"column":47},"end":{"line":12,"column":null}},"1":{"start":{"line":14,"column":9},"end":{"line":14,"column":30}}},"fnMap":{},"branchMap":{},"s":{"0":3,"1":3},"f":{},"b":{}}
,"C:\\Users\\HOAITHUONG\\Desktop\\final\\react-training\\practice-3\\src\\constants\\form.ts": {"path":"C:\\Users\\HOAITHUONG\\Desktop\\final\\react-training\\practice-3\\src\\constants\\form.ts","statementMap":{"0":{"start":{"line":1,"column":0},"end":{"line":1,"column":31}},"1":{"start":{"line":3,"column":20},"end":{"line":34,"column":null}},"2":{"start":{"line":36,"column":0},"end":{"line":36,"column":null}}},"fnMap":{},"branchMap":{},"s":{"0":3,"1":3,"2":3},"f":{},"b":{}}
,"C:\\Users\\HOAITHUONG\\Desktop\\final\\react-training\\practice-3\\src\\constants\\menu.ts": {"path":"C:\\Users\\HOAITHUONG\\Desktop\\final\\react-training\\practice-3\\src\\constants\\menu.ts","statementMap":{"0":{"start":{"line":3,"column":30},"end":{"line":28,"column":2}},"1":{"start":{"line":30,"column":0},"end":{"line":30,"column":25}}},"fnMap":{},"branchMap":{},"s":{"0":3,"1":3},"f":{},"b":{}}
,"C:\\Users\\HOAITHUONG\\Desktop\\final\\react-training\\practice-3\\src\\constants\\message.ts": {"path":"C:\\Users\\HOAITHUONG\\Desktop\\final\\react-training\\practice-3\\src\\constants\\message.ts","statementMap":{"0":{"start":{"line":1,"column":20},"end":{"line":5,"column":2}},"1":{"start":{"line":12,"column":9},"end":{"line":12,"column":20}},"2":{"start":{"line":7,"column":18},"end":{"line":10,"column":null}},"3":{"start":{"line":12,"column":22},"end":{"line":12,"column":31}}},"fnMap":{},"branchMap":{},"s":{"0":5,"1":5,"2":5,"3":5},"f":{},"b":{}}
,"C:\\Users\\HOAITHUONG\\Desktop\\final\\react-training\\practice-3\\src\\constants\\product.ts": {"path":"C:\\Users\\HOAITHUONG\\Desktop\\final\\react-training\\practice-3\\src\\constants\\product.ts","statementMap":{"0":{"start":{"line":2,"column":0},"end":{"line":2,"column":66}},"1":{"start":{"line":4,"column":33},"end":{"line":14,"column":null}},"2":{"start":{"line":45,"column":9},"end":{"line":45,"column":24}},"3":{"start":{"line":16,"column":40},"end":{"line":43,"column":null}},"4":{"start":{"line":45,"column":26},"end":{"line":45,"column":46}}},"fnMap":{},"branchMap":{},"s":{"0":7,"1":7,"2":7,"3":7,"4":7},"f":{},"b":{}}
,"C:\\Users\\HOAITHUONG\\Desktop\\final\\react-training\\practice-3\\src\\constants\\rules.ts": {"path":"C:\\Users\\HOAITHUONG\\Desktop\\final\\react-training\\practice-3\\src\\constants\\rules.ts","statementMap":{"0":{"start":{"line":1,"column":14},"end":{"line":4,"column":2}},"1":{"start":{"line":6,"column":9},"end":{"line":6,"column":14}}},"fnMap":{},"branchMap":{},"s":{"0":3,"1":3},"f":{},"b":{}}
,"C:\\Users\\HOAITHUONG\\Desktop\\final\\react-training\\practice-3\\src\\constants\\url.ts": {"path":"C:\\Users\\HOAITHUONG\\Desktop\\final\\react-training\\practice-3\\src\\constants\\url.ts","statementMap":{"0":{"start":{"line":1,"column":17},"end":{"line":1,"column":40}},"1":{"start":{"line":6,"column":9},"end":{"line":6,"column":17}},"2":{"start":{"line":2,"column":21},"end":{"line":2,"column":44}},"3":{"start":{"line":6,"column":19},"end":{"line":6,"column":31}},"4":{"start":{"line":3,"column":21},"end":{"line":3,"column":44}},"5":{"start":{"line":6,"column":33},"end":{"line":6,"column":45}},"6":{"start":{"line":4,"column":23},"end":{"line":4,"column":47}},"7":{"start":{"line":6,"column":47},"end":{"line":6,"column":61}}},"fnMap":{},"branchMap":{},"s":{"0":8,"1":8,"2":8,"3":8,"4":8,"5":8,"6":8,"7":8},"f":{},"b":{}}
,"C:\\Users\\HOAITHUONG\\Desktop\\final\\react-training\\practice-3\\src\\context\\AppContext.tsx": {"path":"C:\\Users\\HOAITHUONG\\Desktop\\final\\react-training\\practice-3\\src\\context\\AppContext.tsx","statementMap":{"0":{"start":{"line":1,"column":0},"end":{"line":1,"column":47}},"1":{"start":{"line":2,"column":0},"end":{"line":2,"column":45}},"2":{"start":{"line":4,"column":71},"end":{"line":12,"column":1}},"3":{"start":{"line":5,"column":2},"end":{"line":11,"column":4}},"4":{"start":{"line":14,"column":0},"end":{"line":14,"column":27}}},"fnMap":{"0":{"name":"(anonymous_0)","decl":{"start":{"line":4,"column":71},"end":{"line":4,"column":72}},"loc":{"start":{"line":4,"column":88},"end":{"line":12,"column":1}}}},"branchMap":{},"s":{"0":1,"1":1,"2":1,"3":4,"4":1},"f":{"0":4},"b":{}}
,"C:\\Users\\HOAITHUONG\\Desktop\\final\\react-training\\practice-3\\src\\context\\ProductContext.tsx": {"path":"C:\\Users\\HOAITHUONG\\Desktop\\final\\react-training\\practice-3\\src\\context\\ProductContext.tsx","statementMap":{"0":{"start":{"line":1,"column":0},"end":{"line":1,"column":48}},"1":{"start":{"line":3,"column":13},"end":{"line":3,"column":53}},"2":{"start":{"line":4,"column":75},"end":{"line":12,"column":1}},"3":{"start":{"line":5,"column":32},"end":{"line":5,"column":44}},"4":{"start":{"line":7,"column":2},"end":{"line":11,"column":null}},"5":{"start":{"line":14,"column":0},"end":{"line":14,"column":31}}},"fnMap":{"0":{"name":"(anonymous_0)","decl":{"start":{"line":4,"column":75},"end":{"line":4,"column":76}},"loc":{"start":{"line":4,"column":92},"end":{"line":12,"column":1}}}},"branchMap":{},"s":{"0":2,"1":2,"2":2,"3":4,"4":4,"5":2},"f":{"0":4},"b":{}}
,"C:\\Users\\HOAITHUONG\\Desktop\\final\\react-training\\practice-3\\src\\context\\SearchContext.tsx": {"path":"C:\\Users\\HOAITHUONG\\Desktop\\final\\react-training\\practice-3\\src\\context\\SearchContext.tsx","statementMap":{"0":{"start":{"line":1,"column":0},"end":{"line":1,"column":70}},"1":{"start":{"line":2,"column":0},"end":{"line":2,"column":48}},"2":{"start":{"line":3,"column":0},"end":{"line":3,"column":59}},"3":{"start":{"line":5,"column":30},"end":{"line":7,"column":2}},"4":{"start":{"line":9,"column":13},"end":{"line":9,"column":66}},"5":{"start":{"line":10,"column":74},"end":{"line":26,"column":1}},"6":{"start":{"line":11,"column":28},"end":{"line":11,"column":67}},"7":{"start":{"line":13,"column":26},"end":{"line":13,"column":31}},"8":{"start":{"line":14,"column":16},"end":{"line":19,"column":20}},"9":{"start":{"line":14,"column":31},"end":{"line":19,"column":4}},"10":{"start":{"line":17,"column":6},"end":{"line":17,"column":59}},"11":{"start":{"line":21,"column":2},"end":{"line":25,"column":null}},"12":{"start":{"line":28,"column":0},"end":{"line":28,"column":30}}},"fnMap":{"0":{"name":"(anonymous_0)","decl":{"start":{"line":10,"column":74},"end":{"line":10,"column":75}},"loc":{"start":{"line":10,"column":91},"end":{"line":26,"column":1}}},"1":{"name":"(anonymous_1)","decl":{"start":{"line":14,"column":24},"end":{"line":14,"column":27}},"loc":{"start":{"line":14,"column":31},"end":{"line":19,"column":4}}},"2":{"name":"(anonymous_2)","decl":{"start":{"line":16,"column":20},"end":{"line":16,"column":21}},"loc":{"start":{"line":16,"column":40},"end":{"line":18,"column":5}}}},"branchMap":{},"s":{"0":6,"1":6,"2":6,"3":6,"4":6,"5":6,"6":4,"7":4,"8":4,"9":4,"10":0,"11":4,"12":6},"f":{"0":4,"1":4,"2":0},"b":{}}
,"C:\\Users\\HOAITHUONG\\Desktop\\final\\react-training\\practice-3\\src\\helpers\\fetchApi.ts": {"path":"C:\\Users\\HOAITHUONG\\Desktop\\final\\react-training\\practice-3\\src\\helpers\\fetchApi.ts","statementMap":{"0":{"start":{"line":1,"column":0},"end":{"line":1,"column":26}},"1":{"start":{"line":3,"column":12},"end":{"line":10,"column":1}},"2":{"start":{"line":4,"column":2},"end":{"line":9,"column":null}},"3":{"start":{"line":5,"column":16},"end":{"line":5,"column":39}},"4":{"start":{"line":6,"column":4},"end":{"line":6,"column":20}},"5":{"start":{"line":8,"column":6},"end":{"line":8,"column":25}},"6":{"start":{"line":41,"column":2},"end":{"line":41,"column":5}},"7":{"start":{"line":12,"column":15},"end":{"line":20,"column":1}},"8":{"start":{"line":13,"column":2},"end":{"line":19,"column":4}},"9":{"start":{"line":14,"column":16},"end":{"line":14,"column":46}},"10":{"start":{"line":15,"column":4},"end":{"line":15,"column":15}},"11":{"start":{"line":18,"column":4},"end":{"line":18,"column":23}},"12":{"start":{"line":42,"column":2},"end":{"line":42,"column":8}},"13":{"start":{"line":22,"column":15},"end":{"line":29,"column":1}},"14":{"start":{"line":23,"column":2},"end":{"line":28,"column":4}},"15":{"start":{"line":24,"column":16},"end":{"line":24,"column":50}},"16":{"start":{"line":25,"column":4},"end":{"line":25,"column":15}},"17":{"start":{"line":27,"column":6},"end":{"line":27,"column":25}},"18":{"start":{"line":43,"column":2},"end":{"line":43,"column":8}},"19":{"start":{"line":31,"column":15},"end":{"line":38,"column":1}},"20":{"start":{"line":32,"column":2},"end":{"line":37,"column":4}},"21":{"start":{"line":33,"column":16},"end":{"line":33,"column":38}},"22":{"start":{"line":34,"column":4},"end":{"line":34,"column":15}},"23":{"start":{"line":36,"column":4},"end":{"line":36,"column":23}},"24":{"start":{"line":44,"column":2},"end":{"line":44,"column":8}}},"fnMap":{"0":{"name":"(anonymous_0)","decl":{"start":{"line":3,"column":12},"end":{"line":3,"column":17}},"loc":{"start":{"line":3,"column":37},"end":{"line":10,"column":1}}},"1":{"name":"(anonymous_1)","decl":{"start":{"line":12,"column":15},"end":{"line":12,"column":20}},"loc":{"start":{"line":12,"column":52},"end":{"line":20,"column":1}}},"2":{"name":"(anonymous_2)","decl":{"start":{"line":22,"column":15},"end":{"line":22,"column":20}},"loc":{"start":{"line":22,"column":52},"end":{"line":29,"column":1}}},"3":{"name":"(anonymous_3)","decl":{"start":{"line":31,"column":15},"end":{"line":31,"column":20}},"loc":{"start":{"line":31,"column":36},"end":{"line":38,"column":1}}}},"branchMap":{},"s":{"0":8,"1":8,"2":17,"3":17,"4":6,"5":0,"6":8,"7":8,"8":2,"9":2,"10":2,"11":0,"12":8,"13":8,"14":4,"15":4,"16":3,"17":0,"18":8,"19":8,"20":2,"21":2,"22":2,"23":0,"24":8},"f":{"0":17,"1":2,"2":4,"3":2},"b":{}}
,"C:\\Users\\HOAITHUONG\\Desktop\\final\\react-training\\practice-3\\src\\helpers\\getBase64.ts": {"path":"C:\\Users\\HOAITHUONG\\Desktop\\final\\react-training\\practice-3\\src\\helpers\\getBase64.ts","statementMap":{"0":{"start":{"line":2,"column":2},"end":{"line":11,"column":null}},"1":{"start":{"line":3,"column":23},"end":{"line":3,"column":39}},"2":{"start":{"line":4,"column":4},"end":{"line":4,"column":null}},"3":{"start":{"line":5,"column":4},"end":{"line":7,"column":null}},"4":{"start":{"line":6,"column":6},"end":{"line":6,"column":33}},"5":{"start":{"line":8,"column":4},"end":{"line":10,"column":null}},"6":{"start":{"line":9,"column":6},"end":{"line":9,"column":20}},"7":{"start":{"line":14,"column":0},"end":{"line":14,"column":25}}},"fnMap":{"0":{"name":"getBase64","decl":{"start":{"line":1,"column":9},"end":{"line":1,"column":18}},"loc":{"start":{"line":1,"column":29},"end":{"line":12,"column":1}}},"1":{"name":"(anonymous_1)","decl":{"start":{"line":2,"column":21},"end":{"line":2,"column":22}},"loc":{"start":{"line":2,"column":41},"end":{"line":11,"column":3}}},"2":{"name":"(anonymous_2)","decl":{"start":{"line":5,"column":24},"end":{"line":5,"column":27}},"loc":{"start":{"line":5,"column":29},"end":{"line":7,"column":5}}},"3":{"name":"(anonymous_3)","decl":{"start":{"line":8,"column":25},"end":{"line":8,"column":26}},"loc":{"start":{"line":8,"column":35},"end":{"line":10,"column":5}}}},"branchMap":{},"s":{"0":2,"1":2,"2":2,"3":2,"4":2,"5":2,"6":0,"7":5},"f":{"0":2,"1":2,"2":2,"3":0},"b":{}}
,"C:\\Users\\HOAITHUONG\\Desktop\\final\\react-training\\practice-3\\src\\helpers\\index.ts": {"path":"C:\\Users\\HOAITHUONG\\Desktop\\final\\react-training\\practice-3\\src\\helpers\\index.ts","statementMap":{"0":{"start":{"line":1,"column":23},"end":{"line":11,"column":1}},"1":{"start":{"line":2,"column":20},"end":{"line":2,"column":42}},"2":{"start":{"line":3,"column":2},"end":{"line":10,"column":4}},"3":{"start":{"line":13,"column":9},"end":{"line":13,"column":23}}},"fnMap":{"0":{"name":"(anonymous_0)","decl":{"start":{"line":1,"column":23},"end":{"line":1,"column":24}},"loc":{"start":{"line":1,"column":78},"end":{"line":11,"column":1}}}},"branchMap":{},"s":{"0":3,"1":1,"2":1,"3":3},"f":{"0":1},"b":{}}
,"C:\\Users\\HOAITHUONG\\Desktop\\final\\react-training\\practice-3\\src\\helpers\\validate.ts": {"path":"C:\\Users\\HOAITHUONG\\Desktop\\final\\react-training\\practice-3\\src\\helpers\\validate.ts","statementMap":{"0":{"start":{"line":1,"column":0},"end":{"line":1,"column":48}},"1":{"start":{"line":2,"column":0},"end":{"line":2,"column":42}},"2":{"start":{"line":5,"column":22},"end":{"line":24,"column":1}},"3":{"start":{"line":6,"column":2},"end":{"line":14,"column":null}},"4":{"start":{"line":7,"column":4},"end":{"line":13,"column":null}},"5":{"start":{"line":8,"column":6},"end":{"line":8,"column":35}},"6":{"start":{"line":9,"column":6},"end":{"line":9,"column":13}},"7":{"start":{"line":11,"column":6},"end":{"line":11,"column":51}},"8":{"start":{"line":12,"column":6},"end":{"line":12,"column":13}},"9":{"start":{"line":16,"column":2},"end":{"line":23,"column":null}},"10":{"start":{"line":17,"column":4},"end":{"line":22,"column":null}},"11":{"start":{"line":18,"column":6},"end":{"line":18,"column":36}},"12":{"start":{"line":20,"column":6},"end":{"line":20,"column":50}},"13":{"start":{"line":21,"column":6},"end":{"line":21,"column":13}},"14":{"start":{"line":26,"column":17},"end":{"line":35,"column":1}},"15":{"start":{"line":27,"column":17},"end":{"line":27,"column":28}},"16":{"start":{"line":28,"column":3},"end":{"line":32,"column":7}},"17":{"start":{"line":29,"column":4},"end":{"line":31,"column":9}},"18":{"start":{"line":30,"column":8},"end":{"line":30,"column":null}},"19":{"start":{"line":34,"column":2},"end":{"line":34,"column":16}},"20":{"start":{"line":37,"column":8},"end":{"line":37,"column":16}}},"fnMap":{"0":{"name":"(anonymous_0)","decl":{"start":{"line":5,"column":22},"end":{"line":5,"column":23}},"loc":{"start":{"line":5,"column":109},"end":{"line":24,"column":1}}},"1":{"name":"(anonymous_1)","decl":{"start":{"line":26,"column":17},"end":{"line":26,"column":18}},"loc":{"start":{"line":26,"column":39},"end":{"line":35,"column":1}}},"2":{"name":"(anonymous_2)","decl":{"start":{"line":28,"column":51},"end":{"line":28,"column":60}},"loc":{"start":{"line":28,"column":63},"end":{"line":32,"column":5}}},"3":{"name":"(anonymous_3)","decl":{"start":{"line":29,"column":32},"end":{"line":29,"column":33}},"loc":{"start":{"line":29,"column":48},"end":{"line":31,"column":7}}}},"branchMap":{"0":{"loc":{"start":{"line":6,"column":2},"end":{"line":14,"column":null}},"type":"if","locations":[{"start":{"line":6,"column":2},"end":{"line":14,"column":null}}]},"1":{"loc":{"start":{"line":7,"column":4},"end":{"line":13,"column":null}},"type":"if","locations":[{"start":{"line":7,"column":4},"end":{"line":13,"column":null}},{"start":{"line":10,"column":11},"end":{"line":13,"column":null}}]},"2":{"loc":{"start":{"line":16,"column":2},"end":{"line":23,"column":null}},"type":"if","locations":[{"start":{"line":16,"column":2},"end":{"line":23,"column":null}}]},"3":{"loc":{"start":{"line":17,"column":4},"end":{"line":22,"column":null}},"type":"if","locations":[{"start":{"line":17,"column":4},"end":{"line":22,"column":null}},{"start":{"line":19,"column":11},"end":{"line":22,"column":null}}]}},"s":{"0":3,"1":3,"2":3,"3":7,"4":5,"5":0,"6":0,"7":5,"8":5,"9":2,"10":2,"11":2,"12":0,"13":0,"14":3,"15":1,"16":1,"17":6,"18":7,"19":1,"20":3},"f":{"0":7,"1":1,"2":6,"3":7},"b":{"0":[5],"1":[0,5],"2":[2],"3":[2,0]}}
,"C:\\Users\\HOAITHUONG\\Desktop\\final\\react-training\\practice-3\\src\\pages\\ProductDetail\\ProductDetail.tsx": {"path":"C:\\Users\\HOAITHUONG\\Desktop\\final\\react-training\\practice-3\\src\\pages\\ProductDetail\\ProductDetail.tsx","statementMap":{"0":{"start":{"line":1,"column":0},"end":{"line":1,"column":26}},"1":{"start":{"line":2,"column":0},"end":{"line":2,"column":76}},"2":{"start":{"line":3,"column":0},"end":{"line":3,"column":45}},"3":{"start":{"line":4,"column":0},"end":{"line":4,"column":45}},"4":{"start":{"line":5,"column":0},"end":{"line":5,"column":52}},"5":{"start":{"line":6,"column":0},"end":{"line":6,"column":42}},"6":{"start":{"line":7,"column":0},"end":{"line":7,"column":69}},"7":{"start":{"line":8,"column":0},"end":{"line":8,"column":47}},"8":{"start":{"line":9,"column":0},"end":{"line":9,"column":58}},"9":{"start":{"line":10,"column":0},"end":{"line":10,"column":29}},"10":{"start":{"line":12,"column":33},"end":{"line":89,"column":1}},"11":{"start":{"line":13,"column":23},"end":{"line":13,"column":49}},"12":{"start":{"line":14,"column":17},"end":{"line":14,"column":28}},"13":{"start":{"line":15,"column":34},"end":{"line":15,"column":49}},"14":{"start":{"line":16,"column":17},"end":{"line":16,"column":73}},"15":{"start":{"line":16,"column":58},"end":{"line":16,"column":72}},"16":{"start":{"line":17,"column":50},"end":{"line":17,"column":66}},"17":{"start":{"line":18,"column":48},"end":{"line":18,"column":63}},"18":{"start":{"line":20,"column":28},"end":{"line":22,"column":23}},"19":{"start":{"line":21,"column":4},"end":{"line":21,"column":41}},"20":{"start":{"line":25,"column":19},"end":{"line":32,"column":8}},"21":{"start":{"line":28,"column":8},"end":{"line":28,"column":38}},"22":{"start":{"line":31,"column":8},"end":{"line":31,"column":21}},"23":{"start":{"line":35,"column":2},"end":{"line":39,"column":17}},"24":{"start":{"line":36,"column":4},"end":{"line":38,"column":null}},"25":{"start":{"line":37,"column":6},"end":{"line":37,"column":19}},"26":{"start":{"line":41,"column":2},"end":{"line":88,"column":4}},"27":{"start":{"line":49,"column":12},"end":{"line":49,"column":27}},"28":{"start":{"line":91,"column":0},"end":{"line":91,"column":30}}},"fnMap":{"0":{"name":"(anonymous_0)","decl":{"start":{"line":12,"column":33},"end":{"line":12,"column":36}},"loc":{"start":{"line":12,"column":38},"end":{"line":89,"column":1}}},"1":{"name":"(anonymous_1)","decl":{"start":{"line":16,"column":32},"end":{"line":16,"column":33}},"loc":{"start":{"line":16,"column":58},"end":{"line":16,"column":72}}},"2":{"name":"(anonymous_2)","decl":{"start":{"line":20,"column":40},"end":{"line":20,"column":43}},"loc":{"start":{"line":20,"column":45},"end":{"line":22,"column":3}}},"3":{"name":"fetchMyAPI","decl":{"start":{"line":24,"column":17},"end":{"line":24,"column":27}},"loc":{"start":{"line":24,"column":27},"end":{"line":33,"column":3}}},"4":{"name":"(anonymous_4)","decl":{"start":{"line":27,"column":12},"end":{"line":27,"column":13}},"loc":{"start":{"line":27,"column":20},"end":{"line":29,"column":7}}},"5":{"name":"(anonymous_5)","decl":{"start":{"line":30,"column":13},"end":{"line":30,"column":23}},"loc":{"start":{"line":30,"column":28},"end":{"line":32,"column":7}}},"6":{"name":"(anonymous_6)","decl":{"start":{"line":35,"column":12},"end":{"line":35,"column":15}},"loc":{"start":{"line":35,"column":17},"end":{"line":39,"column":3}}},"7":{"name":"(anonymous_7)","decl":{"start":{"line":48,"column":40},"end":{"line":48,"column":41}},"loc":{"start":{"line":49,"column":12},"end":{"line":49,"column":27}}}},"branchMap":{"0":{"loc":{"start":{"line":36,"column":4},"end":{"line":38,"column":null}},"type":"if","locations":[{"start":{"line":36,"column":4},"end":{"line":38,"column":null}}]},"1":{"loc":{"start":{"line":79,"column":7},"end":{"line":85,"column":null}},"type":"binary-expr","locations":[{"start":{"line":79,"column":7},"end":{"line":79,"column":22}},{"start":{"line":80,"column":8},"end":{"line":84,"column":null}}]}},"s":{"0":2,"1":2,"2":2,"3":2,"4":2,"5":2,"6":2,"7":2,"8":2,"9":2,"10":2,"11":5,"12":5,"13":5,"14":5,"15":0,"16":5,"17":5,"18":5,"19":1,"20":1,"21":0,"22":0,"23":5,"24":4,"25":1,"26":5,"27":0,"28":2},"f":{"0":5,"1":0,"2":1,"3":1,"4":0,"5":0,"6":4,"7":0},"b":{"0":[1],"1":[5,1]}}
,"C:\\Users\\HOAITHUONG\\Desktop\\final\\react-training\\practice-3\\src\\pages\\ProductDetail\\productDetail.css": {"path":"C:\\Users\\HOAITHUONG\\Desktop\\final\\react-training\\practice-3\\src\\pages\\ProductDetail\\productDetail.css","statementMap":{"0":{"start":{"line":1,"column":0},"end":{"line":1,"column":19}}},"fnMap":{},"branchMap":{},"s":{"0":2},"f":{},"b":{},"_coverageSchema":"1a1c01bbd47fc00a2c39e90264f33305004495a9","hash":"6ca089ecc365eb2d3ddbb0db6e278c58c3fd4d05"}
,"C:\\Users\\HOAITHUONG\\Desktop\\final\\react-training\\practice-3\\src\\pages\\ProductGridCard\\ProductGridCard.tsx": {"path":"C:\\Users\\HOAITHUONG\\Desktop\\final\\react-training\\practice-3\\src\\pages\\ProductGridCard\\ProductGridCard.tsx","statementMap":{"0":{"start":{"line":1,"column":0},"end":{"line":1,"column":53}},"1":{"start":{"line":2,"column":0},"end":{"line":2,"column":40}},"2":{"start":{"line":3,"column":0},"end":{"line":3,"column":52}},"3":{"start":{"line":4,"column":0},"end":{"line":4,"column":45}},"4":{"start":{"line":6,"column":0},"end":{"line":6,"column":55}},"5":{"start":{"line":7,"column":0},"end":{"line":7,"column":69}},"6":{"start":{"line":8,"column":0},"end":{"line":8,"column":31}},"7":{"start":{"line":10,"column":52},"end":{"line":44,"column":1}},"8":{"start":{"line":14,"column":48},"end":{"line":14,"column":63}},"9":{"start":{"line":15,"column":28},"end":{"line":17,"column":23}},"10":{"start":{"line":16,"column":4},"end":{"line":16,"column":41}},"11":{"start":{"line":19,"column":2},"end":{"line":43,"column":4}},"12":{"start":{"line":46,"column":0},"end":{"line":46,"column":31}}},"fnMap":{"0":{"name":"(anonymous_0)","decl":{"start":{"line":10,"column":52},"end":{"line":10,"column":53}},"loc":{"start":{"line":13,"column":5},"end":{"line":44,"column":1}}},"1":{"name":"(anonymous_1)","decl":{"start":{"line":15,"column":40},"end":{"line":15,"column":43}},"loc":{"start":{"line":15,"column":45},"end":{"line":17,"column":3}}}},"branchMap":{"0":{"loc":{"start":{"line":34,"column":9},"end":{"line":39,"column":null}},"type":"binary-expr","locations":[{"start":{"line":34,"column":9},"end":{"line":34,"column":24}},{"start":{"line":35,"column":10},"end":{"line":38,"column":null}}]}},"s":{"0":3,"1":3,"2":3,"3":3,"4":3,"5":3,"6":3,"7":3,"8":2,"9":2,"10":0,"11":2,"12":3},"f":{"0":2,"1":0},"b":{"0":[2,0]}}
,"C:\\Users\\HOAITHUONG\\Desktop\\final\\react-training\\practice-3\\src\\pages\\ProductGridCard\\productGridCard.css": {"path":"C:\\Users\\HOAITHUONG\\Desktop\\final\\react-training\\practice-3\\src\\pages\\ProductGridCard\\productGridCard.css","statementMap":{"0":{"start":{"line":1,"column":0},"end":{"line":1,"column":19}}},"fnMap":{},"branchMap":{},"s":{"0":3},"f":{},"b":{},"_coverageSchema":"1a1c01bbd47fc00a2c39e90264f33305004495a9","hash":"07b17ef4b90e7d8db96fe91c4077e24c9433fdf1"}
,"C:\\Users\\HOAITHUONG\\Desktop\\final\\react-training\\practice-3\\src\\pages\\ProductGridView\\ProductGridView.tsx": {"path":"C:\\Users\\HOAITHUONG\\Desktop\\final\\react-training\\practice-3\\src\\pages\\ProductGridView\\ProductGridView.tsx","statementMap":{"0":{"start":{"line":1,"column":0},"end":{"line":1,"column":34}},"1":{"start":{"line":2,"column":0},"end":{"line":2,"column":65}},"2":{"start":{"line":3,"column":0},"end":{"line":3,"column":69}},"3":{"start":{"line":6,"column":0},"end":{"line":6,"column":65}},"4":{"start":{"line":7,"column":0},"end":{"line":7,"column":56}},"5":{"start":{"line":8,"column":0},"end":{"line":8,"column":61}},"6":{"start":{"line":9,"column":0},"end":{"line":9,"column":57}},"7":{"start":{"line":10,"column":0},"end":{"line":10,"column":39}},"8":{"start":{"line":11,"column":0},"end":{"line":11,"column":50}},"9":{"start":{"line":12,"column":0},"end":{"line":12,"column":31}},"10":{"start":{"line":14,"column":34},"end":{"line":72,"column":1}},"11":{"start":{"line":15,"column":19},"end":{"line":15,"column":29}},"12":{"start":{"line":16,"column":48},"end":{"line":16,"column":63}},"13":{"start":{"line":17,"column":26},"end":{"line":17,"column":51}},"14":{"start":{"line":18,"column":39},"end":{"line":18,"column":71}},"15":{"start":{"line":19,"column":19},"end":{"line":19,"column":56}},"16":{"start":{"line":20,"column":18},"end":{"line":20,"column":43}},"17":{"start":{"line":20,"column":24},"end":{"line":20,"column":43}},"18":{"start":{"line":21,"column":27},"end":{"line":21,"column":47}},"19":{"start":{"line":22,"column":24},"end":{"line":35,"column":3}},"20":{"start":{"line":23,"column":32},"end":{"line":31,"column":6}},"21":{"start":{"line":32,"column":4},"end":{"line":32,"column":37}},"22":{"start":{"line":33,"column":4},"end":{"line":33,"column":13}},"23":{"start":{"line":34,"column":4},"end":{"line":34,"column":51}},"24":{"start":{"line":37,"column":24},"end":{"line":41,"column":3}},"25":{"start":{"line":38,"column":4},"end":{"line":38,"column":36}},"26":{"start":{"line":39,"column":4},"end":{"line":39,"column":13}},"27":{"start":{"line":40,"column":4},"end":{"line":40,"column":54}},"28":{"start":{"line":43,"column":28},"end":{"line":45,"column":23}},"29":{"start":{"line":44,"column":4},"end":{"line":44,"column":41}},"30":{"start":{"line":47,"column":2},"end":{"line":71,"column":4}},"31":{"start":{"line":55,"column":12},"end":{"line":55,"column":null}},"32":{"start":{"line":74,"column":0},"end":{"line":74,"column":31}}},"fnMap":{"0":{"name":"(anonymous_0)","decl":{"start":{"line":14,"column":34},"end":{"line":14,"column":37}},"loc":{"start":{"line":14,"column":39},"end":{"line":72,"column":1}}},"1":{"name":"(anonymous_1)","decl":{"start":{"line":20,"column":18},"end":{"line":20,"column":21}},"loc":{"start":{"line":20,"column":24},"end":{"line":20,"column":43}}},"2":{"name":"(anonymous_2)","decl":{"start":{"line":22,"column":24},"end":{"line":22,"column":29}},"loc":{"start":{"line":22,"column":55},"end":{"line":35,"column":3}}},"3":{"name":"(anonymous_3)","decl":{"start":{"line":37,"column":24},"end":{"line":37,"column":29}},"loc":{"start":{"line":37,"column":45},"end":{"line":41,"column":3}}},"4":{"name":"(anonymous_4)","decl":{"start":{"line":43,"column":40},"end":{"line":43,"column":43}},"loc":{"start":{"line":43,"column":45},"end":{"line":45,"column":3}}},"5":{"name":"(anonymous_5)","decl":{"start":{"line":54,"column":21},"end":{"line":54,"column":22}},"loc":{"start":{"line":55,"column":12},"end":{"line":55,"column":null}}}},"branchMap":{"0":{"loc":{"start":{"line":63,"column":9},"end":{"line":67,"column":null}},"type":"binary-expr","locations":[{"start":{"line":63,"column":9},"end":{"line":63,"column":24}},{"start":{"line":64,"column":10},"end":{"line":66,"column":null}}]}},"s":{"0":2,"1":2,"2":2,"3":2,"4":2,"5":2,"6":2,"7":2,"8":2,"9":2,"10":2,"11":5,"12":5,"13":5,"14":5,"15":5,"16":5,"17":1,"18":5,"19":5,"20":0,"21":0,"22":0,"23":0,"24":5,"25":0,"26":0,"27":0,"28":5,"29":1,"30":5,"31":0,"32":2},"f":{"0":5,"1":1,"2":0,"3":0,"4":1,"5":0},"b":{"0":[5,1]}}
,"C:\\Users\\HOAITHUONG\\Desktop\\final\\react-training\\practice-3\\src\\pages\\ProductGridView\\productGridView.css": {"path":"C:\\Users\\HOAITHUONG\\Desktop\\final\\react-training\\practice-3\\src\\pages\\ProductGridView\\productGridView.css","statementMap":{"0":{"start":{"line":1,"column":0},"end":{"line":1,"column":19}}},"fnMap":{},"branchMap":{},"s":{"0":2},"f":{},"b":{},"_coverageSchema":"1a1c01bbd47fc00a2c39e90264f33305004495a9","hash":"ed1a58c88d0da380c32f00912f060673d303aa13"}
,"C:\\Users\\HOAITHUONG\\Desktop\\final\\react-training\\practice-3\\src\\pages\\ProductListCard\\ProductListCard.tsx": {"path":"C:\\Users\\HOAITHUONG\\Desktop\\final\\react-training\\practice-3\\src\\pages\\ProductListCard\\ProductListCard.tsx","statementMap":{"0":{"start":{"line":2,"column":0},"end":{"line":2,"column":40}},"1":{"start":{"line":3,"column":0},"end":{"line":3,"column":45}},"2":{"start":{"line":4,"column":0},"end":{"line":4,"column":42}},"3":{"start":{"line":6,"column":0},"end":{"line":6,"column":52}},"4":{"start":{"line":7,"column":0},"end":{"line":7,"column":31}},"5":{"start":{"line":9,"column":52},"end":{"line":27,"column":1}},"6":{"start":{"line":10,"column":2},"end":{"line":26,"column":4}},"7":{"start":{"line":29,"column":0},"end":{"line":29,"column":31}}},"fnMap":{"0":{"name":"(anonymous_0)","decl":{"start":{"line":9,"column":52},"end":{"line":9,"column":53}},"loc":{"start":{"line":9,"column":68},"end":{"line":27,"column":1}}}},"branchMap":{},"s":{"0":3,"1":3,"2":3,"3":3,"4":3,"5":3,"6":2,"7":3},"f":{"0":2},"b":{}}
,"C:\\Users\\HOAITHUONG\\Desktop\\final\\react-training\\practice-3\\src\\pages\\ProductListCard\\productListCard.css": {"path":"C:\\Users\\HOAITHUONG\\Desktop\\final\\react-training\\practice-3\\src\\pages\\ProductListCard\\productListCard.css","statementMap":{"0":{"start":{"line":1,"column":0},"end":{"line":1,"column":19}}},"fnMap":{},"branchMap":{},"s":{"0":3},"f":{},"b":{},"_coverageSchema":"1a1c01bbd47fc00a2c39e90264f33305004495a9","hash":"20bc43815031de669f916795136b9a7acacbfad5"}
,"C:\\Users\\HOAITHUONG\\Desktop\\final\\react-training\\practice-3\\src\\pages\\ProductListView\\ProductListView.tsx": {"path":"C:\\Users\\HOAITHUONG\\Desktop\\final\\react-training\\practice-3\\src\\pages\\ProductListView\\ProductListView.tsx","statementMap":{"0":{"start":{"line":1,"column":0},"end":{"line":1,"column":34}},"1":{"start":{"line":2,"column":0},"end":{"line":2,"column":53}},"2":{"start":{"line":3,"column":0},"end":{"line":3,"column":40}},"3":{"start":{"line":5,"column":0},"end":{"line":5,"column":41}},"4":{"start":{"line":6,"column":0},"end":{"line":6,"column":47}},"5":{"start":{"line":7,"column":0},"end":{"line":7,"column":55}},"6":{"start":{"line":8,"column":0},"end":{"line":8,"column":56}},"7":{"start":{"line":9,"column":0},"end":{"line":9,"column":65}},"8":{"start":{"line":10,"column":0},"end":{"line":10,"column":31}},"9":{"start":{"line":12,"column":34},"end":{"line":33,"column":1}},"10":{"start":{"line":13,"column":26},"end":{"line":13,"column":51}},"11":{"start":{"line":14,"column":39},"end":{"line":14,"column":71}},"12":{"start":{"line":15,"column":19},"end":{"line":15,"column":56}},"13":{"start":{"line":16,"column":18},"end":{"line":16,"column":43}},"14":{"start":{"line":16,"column":24},"end":{"line":16,"column":43}},"15":{"start":{"line":17,"column":19},"end":{"line":17,"column":39}},"16":{"start":{"line":19,"column":2},"end":{"line":32,"column":4}},"17":{"start":{"line":23,"column":10},"end":{"line":23,"column":null}},"18":{"start":{"line":35,"column":0},"end":{"line":35,"column":31}}},"fnMap":{"0":{"name":"(anonymous_0)","decl":{"start":{"line":12,"column":34},"end":{"line":12,"column":37}},"loc":{"start":{"line":12,"column":39},"end":{"line":33,"column":1}}},"1":{"name":"(anonymous_1)","decl":{"start":{"line":16,"column":18},"end":{"line":16,"column":21}},"loc":{"start":{"line":16,"column":24},"end":{"line":16,"column":43}}},"2":{"name":"(anonymous_2)","decl":{"start":{"line":22,"column":19},"end":{"line":22,"column":20}},"loc":{"start":{"line":23,"column":10},"end":{"line":23,"column":null}}}},"branchMap":{},"s":{"0":2,"1":2,"2":2,"3":2,"4":2,"5":2,"6":2,"7":2,"8":2,"9":2,"10":4,"11":4,"12":4,"13":4,"14":2,"15":4,"16":4,"17":0,"18":2},"f":{"0":4,"1":2,"2":0},"b":{}}
,"C:\\Users\\HOAITHUONG\\Desktop\\final\\react-training\\practice-3\\src\\pages\\ProductListView\\productListView.css": {"path":"C:\\Users\\HOAITHUONG\\Desktop\\final\\react-training\\practice-3\\src\\pages\\ProductListView\\productListView.css","statementMap":{"0":{"start":{"line":1,"column":0},"end":{"line":1,"column":19}}},"fnMap":{},"branchMap":{},"s":{"0":2},"f":{},"b":{},"_coverageSchema":"1a1c01bbd47fc00a2c39e90264f33305004495a9","hash":"d1b08b6453a0c04c49c12a62dcb494dadff742c0"}
,"C:\\Users\\HOAITHUONG\\Desktop\\final\\react-training\\practice-3\\src\\reducer\\searchReducer.ts": {"path":"C:\\Users\\HOAITHUONG\\Desktop\\final\\react-training\\practice-3\\src\\reducer\\searchReducer.ts","statementMap":{"0":{"start":{"line":1,"column":0},"end":{"line":1,"column":67}},"1":{"start":{"line":3,"column":34},"end":{"line":5,"column":2}},"2":{"start":{"line":15,"column":24},"end":{"line":15,"column":36}},"3":{"start":{"line":8,"column":30},"end":{"line":8,"column":37}},"4":{"start":{"line":9,"column":2},"end":{"line":11,"column":null}},"5":{"start":{"line":10,"column":4},"end":{"line":10,"column":46}},"6":{"start":{"line":12,"column":2},"end":{"line":12,"column":15}},"7":{"start":{"line":15,"column":9},"end":{"line":15,"column":22}}},"fnMap":{"0":{"name":"searchReducer","decl":{"start":{"line":7,"column":9},"end":{"line":7,"column":22}},"loc":{"start":{"line":7,"column":64},"end":{"line":13,"column":1}}}},"branchMap":{"0":{"loc":{"start":{"line":9,"column":2},"end":{"line":11,"column":null}},"type":"if","locations":[{"start":{"line":9,"column":2},"end":{"line":11,"column":null}}]}},"s":{"0":6,"1":6,"2":6,"3":0,"4":0,"5":0,"6":0,"7":6},"f":{"0":0},"b":{"0":[0]}}
,"C:\\Users\\HOAITHUONG\\Desktop\\final\\react-training\\practice-3\\src\\types\\search.ts": {"path":"C:\\Users\\HOAITHUONG\\Desktop\\final\\react-training\\practice-3\\src\\types\\search.ts","statementMap":{"0":{"start":{"line":9,"column":0},"end":{"line":9,"column":null}},"1":{"start":{"line":10,"column":2},"end":{"line":10,"column":null}}},"fnMap":{"0":{"name":"(anonymous_0)","decl":{"start":{"line":9,"column":0},"end":{"line":9,"column":12}},"loc":{"start":{"line":9,"column":18},"end":{"line":11,"column":1}}}},"branchMap":{"0":{"loc":{"start":{"line":9,"column":12},"end":{"line":9,"column":null}},"type":"binary-expr","locations":[{"start":{"line":9,"column":12},"end":{"line":9,"column":18}},{"start":{"line":9,"column":12},"end":{"line":9,"column":null}}]}},"s":{"0":6,"1":6},"f":{"0":6},"b":{"0":[6,6]}}
}
