{"C:\\Users\\HOAITHUONG\\Desktop\\final\\react-training\\practice-3\\src\\App\\App.tsx": {"path":"C:\\Users\\HOAITHUONG\\Desktop\\final\\react-training\\practice-3\\src\\App\\App.tsx","statementMap":{"0":{"start":{"line":1,"column":0},"end":{"line":1,"column":46}},"1":{"start":{"line":2,"column":0},"end":{"line":2,"column":29}},"2":{"start":{"line":3,"column":0},"end":{"line":3,"column":32}},"3":{"start":{"line":4,"column":0},"end":{"line":4,"column":49}},"4":{"start":{"line":5,"column":0},"end":{"line":5,"column":47}},"5":{"start":{"line":6,"column":0},"end":{"line":6,"column":48}},"6":{"start":{"line":7,"column":0},"end":{"line":7,"column":60}},"7":{"start":{"line":8,"column":0},"end":{"line":8,"column":55}},"8":{"start":{"line":9,"column":0},"end":{"line":9,"column":55}},"9":{"start":{"line":10,"column":0},"end":{"line":10,"column":67}},"10":{"start":{"line":11,"column":0},"end":{"line":11,"column":47}},"11":{"start":{"line":12,"column":0},"end":{"line":12,"column":58}},"12":{"start":{"line":14,"column":24},"end":{"line":14,"column":85}},"13":{"start":{"line":14,"column":34},"end":{"line":14,"column":84}},"14":{"start":{"line":15,"column":24},"end":{"line":15,"column":85}},"15":{"start":{"line":15,"column":34},"end":{"line":15,"column":84}},"16":{"start":{"line":16,"column":23},"end":{"line":16,"column":80}},"17":{"start":{"line":16,"column":33},"end":{"line":16,"column":79}},"18":{"start":{"line":18,"column":22},"end":{"line":37,"column":2}},"19":{"start":{"line":19,"column":2},"end":{"line":36,"column":4}},"20":{"start":{"line":39,"column":0},"end":{"line":39,"column":19}}},"fnMap":{"0":{"name":"(anonymous_0)","decl":{"start":{"line":14,"column":29},"end":{"line":14,"column":32}},"loc":{"start":{"line":14,"column":34},"end":{"line":14,"column":84}}},"1":{"name":"(anonymous_1)","decl":{"start":{"line":14,"column":34},"end":{"line":14,"column":42}},"loc":{"start":{"line":14,"column":34},"end":{"line":14,"column":84}}},"2":{"name":"(anonymous_2)","decl":{"start":{"line":15,"column":29},"end":{"line":15,"column":32}},"loc":{"start":{"line":15,"column":34},"end":{"line":15,"column":84}}},"3":{"name":"(anonymous_3)","decl":{"start":{"line":15,"column":34},"end":{"line":15,"column":42}},"loc":{"start":{"line":15,"column":34},"end":{"line":15,"column":84}}},"4":{"name":"(anonymous_4)","decl":{"start":{"line":16,"column":28},"end":{"line":16,"column":31}},"loc":{"start":{"line":16,"column":33},"end":{"line":16,"column":79}}},"5":{"name":"(anonymous_5)","decl":{"start":{"line":16,"column":33},"end":{"line":16,"column":41}},"loc":{"start":{"line":16,"column":33},"end":{"line":16,"column":79}}},"6":{"name":"(anonymous_6)","decl":{"start":{"line":18,"column":27},"end":{"line":18,"column":30}},"loc":{"start":{"line":18,"column":32},"end":{"line":37,"column":1}}}},"branchMap":{},"s":{"0":1,"1":1,"2":1,"3":1,"4":1,"5":1,"6":1,"7":1,"8":1,"9":1,"10":1,"11":1,"12":1,"13":2,"14":1,"15":2,"16":1,"17":2,"18":1,"19":4,"20":1},"f":{"0":1,"1":1,"2":1,"3":1,"4":1,"5":1,"6":4},"b":{}}
,"C:\\Users\\HOAITHUONG\\Desktop\\final\\react-training\\practice-3\\src\\assets\\images\\backgrounds\\slide-1.jpg": {"path":"C:\\Users\\HOAITHUONG\\Desktop\\final\\react-training\\practice-3\\src\\assets\\images\\backgrounds\\slide-1.jpg","statementMap":{"0":{"start":{"line":1,"column":0},"end":{"line":1,"column":19}}},"fnMap":{},"branchMap":{},"s":{"0":2},"f":{},"b":{},"_coverageSchema":"1a1c01bbd47fc00a2c39e90264f33305004495a9","hash":"1ac455a8617f3ecce33b79a322bda33773762efa"}
,"C:\\Users\\HOAITHUONG\\Desktop\\final\\react-training\\practice-3\\src\\assets\\images\\logos\\logos.png": {"path":"C:\\Users\\HOAITHUONG\\Desktop\\final\\react-training\\practice-3\\src\\assets\\images\\logos\\logos.png","statementMap":{"0":{"start":{"line":1,"column":0},"end":{"line":1,"column":19}}},"fnMap":{},"branchMap":{},"s":{"0":3},"f":{},"b":{},"_coverageSchema":"1a1c01bbd47fc00a2c39e90264f33305004495a9","hash":"ebaac5a98a03f0902e6eaa2a86b8e6af759b2927"}
,"C:\\Users\\HOAITHUONG\\Desktop\\final\\react-training\\practice-3\\src\\assets\\images\\products\\black-forest-cake.jpg": {"path":"C:\\Users\\HOAITHUONG\\Desktop\\final\\react-training\\practice-3\\src\\assets\\images\\products\\black-forest-cake.jpg","statementMap":{"0":{"start":{"line":1,"column":0},"end":{"line":1,"column":19}}},"fnMap":{},"branchMap":{},"s":{"0":7},"f":{},"b":{},"_coverageSchema":"1a1c01bbd47fc00a2c39e90264f33305004495a9","hash":"052108566772d55376fb5b46bcd18945e785b59b"}
,"C:\\Users\\HOAITHUONG\\Desktop\\final\\react-training\\practice-3\\src\\components\\Categories\\Categories.tsx": {"path":"C:\\Users\\HOAITHUONG\\Desktop\\final\\react-training\\practice-3\\src\\components\\Categories\\Categories.tsx","statementMap":{"0":{"start":{"line":1,"column":0},"end":{"line":1,"column":52}},"1":{"start":{"line":3,"column":0},"end":{"line":3,"column":56}},"2":{"start":{"line":4,"column":0},"end":{"line":4,"column":25}},"3":{"start":{"line":5,"column":0},"end":{"line":5,"column":49}},"4":{"start":{"line":6,"column":0},"end":{"line":6,"column":41}},"5":{"start":{"line":7,"column":0},"end":{"line":7,"column":26}},"6":{"start":{"line":9,"column":29},"end":{"line":59,"column":1}},"7":{"start":{"line":10,"column":19},"end":{"line":10,"column":46}},"8":{"start":{"line":11,"column":34},"end":{"line":11,"column":46}},"9":{"start":{"line":12,"column":29},"end":{"line":12,"column":54}},"10":{"start":{"line":13,"column":23},"end":{"line":17,"column":3}},"11":{"start":{"line":13,"column":39},"end":{"line":17,"column":3}},"12":{"start":{"line":14,"column":23},"end":{"line":14,"column":68}},"13":{"start":{"line":15,"column":4},"end":{"line":15,"column":33}},"14":{"start":{"line":16,"column":4},"end":{"line":16,"column":20}},"15":{"start":{"line":19,"column":32},"end":{"line":23,"column":3}},"16":{"start":{"line":20,"column":23},"end":{"line":20,"column":25}},"17":{"start":{"line":21,"column":4},"end":{"line":21,"column":33}},"18":{"start":{"line":22,"column":4},"end":{"line":22,"column":20}},"19":{"start":{"line":26,"column":4},"end":{"line":37,"column":7}},"20":{"start":{"line":27,"column":6},"end":{"line":32,"column":null}},"21":{"start":{"line":40,"column":2},"end":{"line":58,"column":4}},"22":{"start":{"line":61,"column":0},"end":{"line":61,"column":26}}},"fnMap":{"0":{"name":"(anonymous_0)","decl":{"start":{"line":9,"column":29},"end":{"line":9,"column":32}},"loc":{"start":{"line":9,"column":34},"end":{"line":59,"column":1}}},"1":{"name":"(anonymous_1)","decl":{"start":{"line":13,"column":23},"end":{"line":13,"column":24}},"loc":{"start":{"line":13,"column":39},"end":{"line":17,"column":3}}},"2":{"name":"(anonymous_2)","decl":{"start":{"line":13,"column":39},"end":{"line":13,"column":40}},"loc":{"start":{"line":13,"column":76},"end":{"line":17,"column":3}}},"3":{"name":"(anonymous_3)","decl":{"start":{"line":19,"column":32},"end":{"line":19,"column":35}},"loc":{"start":{"line":19,"column":37},"end":{"line":23,"column":3}}},"4":{"name":"renderCategoryList","decl":{"start":{"line":25,"column":11},"end":{"line":25,"column":29}},"loc":{"start":{"line":25,"column":38},"end":{"line":38,"column":3}}},"5":{"name":"(anonymous_5)","decl":{"start":{"line":26,"column":21},"end":{"line":26,"column":22}},"loc":{"start":{"line":27,"column":6},"end":{"line":32,"column":null}}}},"branchMap":{"0":{"loc":{"start":{"line":30,"column":10},"end":{"line":30,"column":null}},"type":"cond-expr","locations":[{"start":{"line":30,"column":37},"end":{"line":30,"column":45}},{"start":{"line":30,"column":48},"end":{"line":30,"column":null}}]},"1":{"loc":{"start":{"line":48,"column":14},"end":{"line":48,"column":null}},"type":"cond-expr","locations":[{"start":{"line":48,"column":32},"end":{"line":48,"column":40}},{"start":{"line":48,"column":43},"end":{"line":48,"column":null}}]}},"s":{"0":4,"1":4,"2":4,"3":4,"4":4,"5":4,"6":4,"7":10,"8":10,"9":10,"10":10,"11":0,"12":0,"13":0,"14":0,"15":10,"16":3,"17":3,"18":3,"19":10,"20":0,"21":10,"22":4},"f":{"0":10,"1":0,"2":0,"3":3,"4":10,"5":0},"b":{"0":[0,0],"1":[10,0]}}
,"C:\\Users\\HOAITHUONG\\Desktop\\final\\react-training\\practice-3\\src\\components\\Categories\\categories.css": {"path":"C:\\Users\\HOAITHUONG\\Desktop\\final\\react-training\\practice-3\\src\\components\\Categories\\categories.css","statementMap":{"0":{"start":{"line":1,"column":0},"end":{"line":1,"column":19}}},"fnMap":{},"branchMap":{},"s":{"0":4},"f":{},"b":{},"_coverageSchema":"1a1c01bbd47fc00a2c39e90264f33305004495a9","hash":"17f1c9ccfc662af885367e04b4a4fe804ab5e04e"}
,"C:\\Users\\HOAITHUONG\\Desktop\\final\\react-training\\practice-3\\src\\components\\InputSearch\\InputSearch.tsx": {"path":"C:\\Users\\HOAITHUONG\\Desktop\\final\\react-training\\practice-3\\src\\components\\InputSearch\\InputSearch.tsx","statementMap":{"0":{"start":{"line":1,"column":0},"end":{"line":1,"column":48}},"1":{"start":{"line":2,"column":0},"end":{"line":2,"column":56}},"2":{"start":{"line":3,"column":0},"end":{"line":3,"column":27}},"3":{"start":{"line":5,"column":30},"end":{"line":22,"column":2}},"4":{"start":{"line":6,"column":29},"end":{"line":6,"column":54}},"5":{"start":{"line":7,"column":23},"end":{"line":10,"column":3}},"6":{"start":{"line":8,"column":21},"end":{"line":8,"column":50}},"7":{"start":{"line":9,"column":4},"end":{"line":9,"column":31}},"8":{"start":{"line":12,"column":2},"end":{"line":21,"column":4}},"9":{"start":{"line":24,"column":0},"end":{"line":24,"column":27}}},"fnMap":{"0":{"name":"(anonymous_0)","decl":{"start":{"line":5,"column":35},"end":{"line":5,"column":38}},"loc":{"start":{"line":5,"column":40},"end":{"line":22,"column":1}}},"1":{"name":"(anonymous_1)","decl":{"start":{"line":7,"column":23},"end":{"line":7,"column":24}},"loc":{"start":{"line":7,"column":60},"end":{"line":10,"column":3}}}},"branchMap":{},"s":{"0":3,"1":3,"2":3,"3":3,"4":9,"5":9,"6":1,"7":1,"8":9,"9":3},"f":{"0":9,"1":1},"b":{}}
,"C:\\Users\\HOAITHUONG\\Desktop\\final\\react-training\\practice-3\\src\\components\\InputSearch\\inputSearch.css": {"path":"C:\\Users\\HOAITHUONG\\Desktop\\final\\react-training\\practice-3\\src\\components\\InputSearch\\inputSearch.css","statementMap":{"0":{"start":{"line":1,"column":0},"end":{"line":1,"column":19}}},"fnMap":{},"branchMap":{},"s":{"0":3},"f":{},"b":{},"_coverageSchema":"1a1c01bbd47fc00a2c39e90264f33305004495a9","hash":"f495ec36747b6147d2f11198c43f9b368cfa866e"}
,"C:\\Users\\HOAITHUONG\\Desktop\\final\\react-training\\practice-3\\src\\components\\Modal\\modal.css": {"path":"C:\\Users\\HOAITHUONG\\Desktop\\final\\react-training\\practice-3\\src\\components\\Modal\\modal.css","statementMap":{"0":{"start":{"line":1,"column":0},"end":{"line":1,"column":19}}},"fnMap":{},"branchMap":{},"s":{"0":7},"f":{},"b":{},"_coverageSchema":"1a1c01bbd47fc00a2c39e90264f33305004495a9","hash":"2a5578a2fd1dc10177172a842131733eb9436de0"}
,"C:\\Users\\HOAITHUONG\\Desktop\\final\\react-training\\practice-3\\src\\components\\Modal\\ModalCreate\\ModalCreate.tsx": {"path":"C:\\Users\\HOAITHUONG\\Desktop\\final\\react-training\\practice-3\\src\\components\\Modal\\ModalCreate\\ModalCreate.tsx","statementMap":{"0":{"start":{"line":1,"column":0},"end":{"line":1,"column":53}},"1":{"start":{"line":4,"column":0},"end":{"line":4,"column":44}},"2":{"start":{"line":5,"column":0},"end":{"line":5,"column":43}},"3":{"start":{"line":6,"column":0},"end":{"line":6,"column":46}},"4":{"start":{"line":7,"column":0},"end":{"line":7,"column":49}},"5":{"start":{"line":10,"column":0},"end":{"line":10,"column":34}},"6":{"start":{"line":11,"column":0},"end":{"line":11,"column":49}},"7":{"start":{"line":12,"column":0},"end":{"line":12,"column":41}},"8":{"start":{"line":13,"column":0},"end":{"line":13,"column":22}},"9":{"start":{"line":15,"column":48},"end":{"line":216,"column":1}},"10":{"start":{"line":19,"column":38},"end":{"line":19,"column":50}},"11":{"start":{"line":20,"column":19},"end":{"line":20,"column":33}},"12":{"start":{"line":21,"column":18},"end":{"line":21,"column":54}},"13":{"start":{"line":21,"column":24},"end":{"line":21,"column":54}},"14":{"start":{"line":22,"column":19},"end":{"line":22,"column":39}},"15":{"start":{"line":23,"column":42},"end":{"line":23,"column":54}},"16":{"start":{"line":24,"column":38},"end":{"line":24,"column":70}},"17":{"start":{"line":26,"column":30},"end":{"line":34,"column":3}},"18":{"start":{"line":27,"column":5},"end":{"line":32,"column":6}},"19":{"start":{"line":29,"column":8},"end":{"line":29,"column":41}},"20":{"start":{"line":30,"column":8},"end":{"line":30,"column":23}},"21":{"start":{"line":33,"column":4},"end":{"line":33,"column":22}},"22":{"start":{"line":36,"column":30},"end":{"line":54,"column":3}},"23":{"start":{"line":37,"column":29},"end":{"line":37,"column":31}},"24":{"start":{"line":38,"column":4},"end":{"line":40,"column":null}},"25":{"start":{"line":38,"column":17},"end":{"line":38,"column":18}},"26":{"start":{"line":39,"column":6},"end":{"line":39,"column":35}},"27":{"start":{"line":41,"column":4},"end":{"line":41,"column":40}},"28":{"start":{"line":42,"column":18},"end":{"line":47,"column":null}},"29":{"start":{"line":44,"column":8},"end":{"line":46,"column":null}},"30":{"start":{"line":45,"column":10},"end":{"line":45,"column":23}},"31":{"start":{"line":50,"column":4},"end":{"line":53,"column":null}},"32":{"start":{"line":51,"column":6},"end":{"line":51,"column":69}},"33":{"start":{"line":52,"column":6},"end":{"line":52,"column":28}},"34":{"start":{"line":56,"column":23},"end":{"line":61,"column":3}},"35":{"start":{"line":57,"column":18},"end":{"line":57,"column":36}},"36":{"start":{"line":58,"column":22},"end":{"line":58,"column":39}},"37":{"start":{"line":59,"column":4},"end":{"line":59,"column":57}},"38":{"start":{"line":60,"column":4},"end":{"line":60,"column":64}},"39":{"start":{"line":63,"column":22},"end":{"line":71,"column":3}},"40":{"start":{"line":64,"column":18},"end":{"line":64,"column":36}},"41":{"start":{"line":65,"column":4},"end":{"line":70,"column":null}},"42":{"start":{"line":66,"column":6},"end":{"line":69,"column":null}},"43":{"start":{"line":66,"column":19},"end":{"line":66,"column":20}},"44":{"start":{"line":67,"column":25},"end":{"line":67,"column":50}},"45":{"start":{"line":68,"column":8},"end":{"line":68,"column":80}},"46":{"start":{"line":68,"column":42},"end":{"line":68,"column":78}},"47":{"start":{"line":73,"column":28},"end":{"line":80,"column":3}},"48":{"start":{"line":74,"column":19},"end":{"line":74,"column":42}},"49":{"start":{"line":75,"column":23},"end":{"line":76,"column":null}},"50":{"start":{"line":76,"column":24},"end":{"line":76,"column":71}},"51":{"start":{"line":78,"column":4},"end":{"line":78,"column":39}},"52":{"start":{"line":79,"column":4},"end":{"line":79,"column":39}},"53":{"start":{"line":82,"column":2},"end":{"line":215,"column":4}},"54":{"start":{"line":134,"column":18},"end":{"line":134,"column":38}},"55":{"start":{"line":175,"column":20},"end":{"line":178,"column":null}},"56":{"start":{"line":207,"column":29},"end":{"line":207,"column":50}},"57":{"start":{"line":218,"column":0},"end":{"line":218,"column":27}}},"fnMap":{"0":{"name":"(anonymous_0)","decl":{"start":{"line":15,"column":48},"end":{"line":15,"column":49}},"loc":{"start":{"line":18,"column":5},"end":{"line":216,"column":1}}},"1":{"name":"(anonymous_1)","decl":{"start":{"line":21,"column":18},"end":{"line":21,"column":21}},"loc":{"start":{"line":21,"column":24},"end":{"line":21,"column":54}}},"2":{"name":"(anonymous_2)","decl":{"start":{"line":26,"column":30},"end":{"line":26,"column":33}},"loc":{"start":{"line":26,"column":35},"end":{"line":34,"column":3}}},"3":{"name":"(anonymous_3)","decl":{"start":{"line":28,"column":6},"end":{"line":28,"column":7}},"loc":{"start":{"line":28,"column":20},"end":{"line":31,"column":7}}},"4":{"name":"(anonymous_4)","decl":{"start":{"line":36,"column":30},"end":{"line":36,"column":33}},"loc":{"start":{"line":36,"column":35},"end":{"line":54,"column":3}}},"5":{"name":"(anonymous_5)","decl":{"start":{"line":43,"column":6},"end":{"line":43,"column":7}},"loc":{"start":{"line":43,"column":20},"end":{"line":47,"column":7}}},"6":{"name":"(anonymous_6)","decl":{"start":{"line":56,"column":23},"end":{"line":56,"column":24}},"loc":{"start":{"line":56,"column":78},"end":{"line":61,"column":3}}},"7":{"name":"(anonymous_7)","decl":{"start":{"line":63,"column":22},"end":{"line":63,"column":27}},"loc":{"start":{"line":63,"column":69},"end":{"line":71,"column":3}}},"8":{"name":"(anonymous_8)","decl":{"start":{"line":68,"column":24},"end":{"line":68,"column":25}},"loc":{"start":{"line":68,"column":42},"end":{"line":68,"column":78}}},"9":{"name":"(anonymous_9)","decl":{"start":{"line":73,"column":28},"end":{"line":73,"column":29}},"loc":{"start":{"line":73,"column":63},"end":{"line":80,"column":3}}},"10":{"name":"(anonymous_10)","decl":{"start":{"line":76,"column":6},"end":{"line":76,"column":7}},"loc":{"start":{"line":76,"column":24},"end":{"line":76,"column":71}}},"11":{"name":"(anonymous_11)","decl":{"start":{"line":133,"column":27},"end":{"line":133,"column":28}},"loc":{"start":{"line":134,"column":18},"end":{"line":134,"column":38}}},"12":{"name":"(anonymous_12)","decl":{"start":{"line":174,"column":35},"end":{"line":174,"column":36}},"loc":{"start":{"line":175,"column":20},"end":{"line":178,"column":null}}},"13":{"name":"(anonymous_13)","decl":{"start":{"line":207,"column":23},"end":{"line":207,"column":26}},"loc":{"start":{"line":207,"column":29},"end":{"line":207,"column":50}}}},"branchMap":{"0":{"loc":{"start":{"line":44,"column":8},"end":{"line":46,"column":null}},"type":"if","locations":[{"start":{"line":44,"column":8},"end":{"line":46,"column":null}}]},"1":{"loc":{"start":{"line":50,"column":4},"end":{"line":53,"column":null}},"type":"if","locations":[{"start":{"line":50,"column":4},"end":{"line":53,"column":null}}]},"2":{"loc":{"start":{"line":65,"column":4},"end":{"line":70,"column":null}},"type":"if","locations":[{"start":{"line":65,"column":4},"end":{"line":70,"column":null}}]},"3":{"loc":{"start":{"line":106,"column":17},"end":{"line":106,"column":67}},"type":"cond-expr","locations":[{"start":{"line":106,"column":41},"end":{"line":106,"column":62}},{"start":{"line":106,"column":65},"end":{"line":106,"column":67}}]},"4":{"loc":{"start":{"line":120,"column":17},"end":{"line":122,"column":22}},"type":"cond-expr","locations":[{"start":{"line":121,"column":20},"end":{"line":121,"column":48}},{"start":{"line":122,"column":20},"end":{"line":122,"column":22}}]},"5":{"loc":{"start":{"line":140,"column":17},"end":{"line":140,"column":79}},"type":"cond-expr","locations":[{"start":{"line":140,"column":47},"end":{"line":140,"column":74}},{"start":{"line":140,"column":77},"end":{"line":140,"column":79}}]},"6":{"loc":{"start":{"line":154,"column":19},"end":{"line":154,"column":71}},"type":"cond-expr","locations":[{"start":{"line":154,"column":44},"end":{"line":154,"column":66}},{"start":{"line":154,"column":69},"end":{"line":154,"column":71}}]},"7":{"loc":{"start":{"line":167,"column":19},"end":{"line":167,"column":77}},"type":"cond-expr","locations":[{"start":{"line":167,"column":47},"end":{"line":167,"column":72}},{"start":{"line":167,"column":75},"end":{"line":167,"column":77}}]},"8":{"loc":{"start":{"line":173,"column":17},"end":{"line":183,"column":20}},"type":"binary-expr","locations":[{"start":{"line":173,"column":17},"end":{"line":173,"column":40}},{"start":{"line":174,"column":18},"end":{"line":183,"column":20}}]}},"s":{"0":3,"1":3,"2":3,"3":3,"4":3,"5":3,"6":3,"7":3,"8":3,"9":3,"10":12,"11":12,"12":12,"13":2,"14":12,"15":12,"16":12,"17":12,"18":1,"19":6,"20":6,"21":1,"22":12,"23":1,"24":1,"25":1,"26":0,"27":1,"28":1,"29":6,"30":5,"31":1,"32":0,"33":0,"34":12,"35":2,"36":2,"37":2,"38":2,"39":12,"40":1,"41":1,"42":1,"43":1,"44":1,"45":1,"46":1,"47":12,"48":0,"49":0,"50":0,"51":0,"52":0,"53":12,"54":0,"55":1,"56":1,"57":3},"f":{"0":12,"1":2,"2":1,"3":6,"4":1,"5":6,"6":2,"7":1,"8":1,"9":0,"10":0,"11":0,"12":1,"13":1},"b":{"0":[5],"1":[0],"2":[1],"3":[2,10],"4":[2,10],"5":[2,10],"6":[2,10],"7":[2,10],"8":[12,1]}}
,"C:\\Users\\HOAITHUONG\\Desktop\\final\\react-training\\practice-3\\src\\components\\Modal\\ModalDelete\\ModalDelete.tsx": {"path":"C:\\Users\\HOAITHUONG\\Desktop\\final\\react-training\\practice-3\\src\\components\\Modal\\ModalDelete\\ModalDelete.tsx","statementMap":{"0":{"start":{"line":3,"column":0},"end":{"line":3,"column":22}},"1":{"start":{"line":5,"column":48},"end":{"line":21,"column":1}},"2":{"start":{"line":6,"column":2},"end":{"line":20,"column":4}},"3":{"start":{"line":15,"column":82},"end":{"line":15,"column":99}},"4":{"start":{"line":23,"column":0},"end":{"line":23,"column":27}}},"fnMap":{"0":{"name":"(anonymous_0)","decl":{"start":{"line":5,"column":48},"end":{"line":5,"column":49}},"loc":{"start":{"line":5,"column":91},"end":{"line":21,"column":1}}},"1":{"name":"(anonymous_1)","decl":{"start":{"line":15,"column":76},"end":{"line":15,"column":79}},"loc":{"start":{"line":15,"column":82},"end":{"line":15,"column":99}}}},"branchMap":{},"s":{"0":4,"1":4,"2":7,"3":3,"4":4},"f":{"0":7,"1":3},"b":{}}
,"C:\\Users\\HOAITHUONG\\Desktop\\final\\react-training\\practice-3\\src\\components\\Modal\\ModalUpdate\\ModalUpdate.tsx": {"path":"C:\\Users\\HOAITHUONG\\Desktop\\final\\react-training\\practice-3\\src\\components\\Modal\\ModalUpdate\\ModalUpdate.tsx","statementMap":{"0":{"start":{"line":1,"column":0},"end":{"line":1,"column":34}},"1":{"start":{"line":2,"column":0},"end":{"line":2,"column":53}},"2":{"start":{"line":6,"column":0},"end":{"line":6,"column":44}},"3":{"start":{"line":7,"column":0},"end":{"line":7,"column":49}},"4":{"start":{"line":8,"column":0},"end":{"line":8,"column":63}},"5":{"start":{"line":9,"column":0},"end":{"line":9,"column":50}},"6":{"start":{"line":10,"column":0},"end":{"line":10,"column":39}},"7":{"start":{"line":11,"column":0},"end":{"line":11,"column":22}},"8":{"start":{"line":13,"column":48},"end":{"line":210,"column":1}},"9":{"start":{"line":19,"column":19},"end":{"line":19,"column":33}},"10":{"start":{"line":20,"column":18},"end":{"line":20,"column":54}},"11":{"start":{"line":20,"column":24},"end":{"line":20,"column":54}},"12":{"start":{"line":21,"column":27},"end":{"line":21,"column":47}},"13":{"start":{"line":22,"column":42},"end":{"line":22,"column":54}},"14":{"start":{"line":23,"column":40},"end":{"line":23,"column":57}},"15":{"start":{"line":24,"column":24},"end":{"line":42,"column":3}},"16":{"start":{"line":25,"column":33},"end":{"line":33,"column":6}},"17":{"start":{"line":34,"column":4},"end":{"line":41,"column":null}},"18":{"start":{"line":35,"column":6},"end":{"line":35,"column":51}},"19":{"start":{"line":36,"column":6},"end":{"line":36,"column":15}},"20":{"start":{"line":37,"column":6},"end":{"line":37,"column":29}},"21":{"start":{"line":38,"column":6},"end":{"line":38,"column":56}},"22":{"start":{"line":40,"column":6},"end":{"line":40,"column":42}},"23":{"start":{"line":44,"column":30},"end":{"line":50,"column":3}},"24":{"start":{"line":45,"column":4},"end":{"line":47,"column":null}},"25":{"start":{"line":45,"column":17},"end":{"line":45,"column":18}},"26":{"start":{"line":46,"column":6},"end":{"line":46,"column":47}},"27":{"start":{"line":48,"column":4},"end":{"line":48,"column":35}},"28":{"start":{"line":49,"column":4},"end":{"line":49,"column":22}},"29":{"start":{"line":52,"column":23},"end":{"line":56,"column":3}},"30":{"start":{"line":53,"column":18},"end":{"line":53,"column":36}},"31":{"start":{"line":54,"column":16},"end":{"line":54,"column":33}},"32":{"start":{"line":55,"column":4},"end":{"line":55,"column":53}},"33":{"start":{"line":58,"column":22},"end":{"line":66,"column":3}},"34":{"start":{"line":59,"column":18},"end":{"line":59,"column":36}},"35":{"start":{"line":60,"column":4},"end":{"line":65,"column":null}},"36":{"start":{"line":61,"column":6},"end":{"line":64,"column":null}},"37":{"start":{"line":61,"column":19},"end":{"line":61,"column":20}},"38":{"start":{"line":62,"column":25},"end":{"line":62,"column":50}},"39":{"start":{"line":63,"column":8},"end":{"line":63,"column":80}},"40":{"start":{"line":63,"column":42},"end":{"line":63,"column":78}},"41":{"start":{"line":68,"column":28},"end":{"line":79,"column":3}},"42":{"start":{"line":69,"column":19},"end":{"line":69,"column":42}},"43":{"start":{"line":70,"column":23},"end":{"line":71,"column":null}},"44":{"start":{"line":71,"column":24},"end":{"line":71,"column":71}},"45":{"start":{"line":73,"column":20},"end":{"line":74,"column":null}},"46":{"start":{"line":74,"column":24},"end":{"line":74,"column":71}},"47":{"start":{"line":76,"column":4},"end":{"line":76,"column":36}},"48":{"start":{"line":77,"column":4},"end":{"line":77,"column":45}},"49":{"start":{"line":78,"column":4},"end":{"line":78,"column":39}},"50":{"start":{"line":81,"column":2},"end":{"line":209,"column":4}},"51":{"start":{"line":121,"column":18},"end":{"line":122,"column":null}},"52":{"start":{"line":158,"column":18},"end":{"line":160,"column":null}},"53":{"start":{"line":169,"column":20},"end":{"line":171,"column":null}},"54":{"start":{"line":201,"column":29},"end":{"line":201,"column":73}},"55":{"start":{"line":212,"column":0},"end":{"line":212,"column":27}}},"fnMap":{"0":{"name":"(anonymous_0)","decl":{"start":{"line":13,"column":48},"end":{"line":13,"column":49}},"loc":{"start":{"line":18,"column":5},"end":{"line":210,"column":1}}},"1":{"name":"(anonymous_1)","decl":{"start":{"line":20,"column":18},"end":{"line":20,"column":21}},"loc":{"start":{"line":20,"column":24},"end":{"line":20,"column":54}}},"2":{"name":"(anonymous_2)","decl":{"start":{"line":24,"column":24},"end":{"line":24,"column":29}},"loc":{"start":{"line":24,"column":67},"end":{"line":42,"column":3}}},"3":{"name":"(anonymous_3)","decl":{"start":{"line":44,"column":30},"end":{"line":44,"column":35}},"loc":{"start":{"line":44,"column":73},"end":{"line":50,"column":3}}},"4":{"name":"(anonymous_4)","decl":{"start":{"line":52,"column":23},"end":{"line":52,"column":24}},"loc":{"start":{"line":52,"column":74},"end":{"line":56,"column":3}}},"5":{"name":"(anonymous_5)","decl":{"start":{"line":58,"column":22},"end":{"line":58,"column":27}},"loc":{"start":{"line":58,"column":69},"end":{"line":66,"column":3}}},"6":{"name":"(anonymous_6)","decl":{"start":{"line":63,"column":24},"end":{"line":63,"column":25}},"loc":{"start":{"line":63,"column":42},"end":{"line":63,"column":78}}},"7":{"name":"(anonymous_7)","decl":{"start":{"line":68,"column":28},"end":{"line":68,"column":29}},"loc":{"start":{"line":68,"column":63},"end":{"line":79,"column":3}}},"8":{"name":"(anonymous_8)","decl":{"start":{"line":71,"column":6},"end":{"line":71,"column":7}},"loc":{"start":{"line":71,"column":24},"end":{"line":71,"column":71}}},"9":{"name":"(anonymous_9)","decl":{"start":{"line":74,"column":6},"end":{"line":74,"column":7}},"loc":{"start":{"line":74,"column":24},"end":{"line":74,"column":71}}},"10":{"name":"(anonymous_10)","decl":{"start":{"line":120,"column":27},"end":{"line":120,"column":28}},"loc":{"start":{"line":121,"column":18},"end":{"line":122,"column":null}}},"11":{"name":"(anonymous_11)","decl":{"start":{"line":157,"column":42},"end":{"line":157,"column":43}},"loc":{"start":{"line":158,"column":18},"end":{"line":160,"column":null}}},"12":{"name":"(anonymous_12)","decl":{"start":{"line":168,"column":35},"end":{"line":168,"column":36}},"loc":{"start":{"line":169,"column":20},"end":{"line":171,"column":null}}},"13":{"name":"(anonymous_13)","decl":{"start":{"line":201,"column":23},"end":{"line":201,"column":26}},"loc":{"start":{"line":201,"column":29},"end":{"line":201,"column":73}}}},"branchMap":{"0":{"loc":{"start":{"line":60,"column":4},"end":{"line":65,"column":null}},"type":"if","locations":[{"start":{"line":60,"column":4},"end":{"line":65,"column":null}}]},"1":{"loc":{"start":{"line":167,"column":17},"end":{"line":177,"column":20}},"type":"binary-expr","locations":[{"start":{"line":167,"column":17},"end":{"line":167,"column":40}},{"start":{"line":168,"column":18},"end":{"line":177,"column":20}}]}},"s":{"0":3,"1":3,"2":3,"3":3,"4":3,"5":3,"6":3,"7":3,"8":3,"9":12,"10":12,"11":4,"12":12,"13":12,"14":12,"15":12,"16":2,"17":2,"18":2,"19":2,"20":2,"21":2,"22":0,"23":12,"24":2,"25":2,"26":0,"27":2,"28":2,"29":12,"30":1,"31":1,"32":1,"33":12,"34":1,"35":1,"36":1,"37":1,"38":1,"39":1,"40":1,"41":12,"42":1,"43":1,"44":1,"45":1,"46":0,"47":1,"48":1,"49":1,"50":12,"51":0,"52":6,"53":1,"54":2,"55":3},"f":{"0":12,"1":4,"2":2,"3":2,"4":1,"5":1,"6":1,"7":1,"8":1,"9":0,"10":0,"11":6,"12":1,"13":2},"b":{"0":[1],"1":[12,1]}}
,"C:\\Users\\HOAITHUONG\\Desktop\\final\\react-training\\practice-3\\src\\components\\Price\\Price.tsx": {"path":"C:\\Users\\HOAITHUONG\\Desktop\\final\\react-training\\practice-3\\src\\components\\Price\\Price.tsx","statementMap":{"0":{"start":{"line":1,"column":0},"end":{"line":1,"column":36}},"1":{"start":{"line":3,"column":0},"end":{"line":3,"column":21}},"2":{"start":{"line":5,"column":36},"end":{"line":11,"column":2}},"3":{"start":{"line":6,"column":2},"end":{"line":10,"column":4}},"4":{"start":{"line":13,"column":0},"end":{"line":13,"column":21}}},"fnMap":{"0":{"name":"(anonymous_0)","decl":{"start":{"line":5,"column":41},"end":{"line":5,"column":42}},"loc":{"start":{"line":5,"column":66},"end":{"line":11,"column":1}}}},"branchMap":{},"s":{"0":7,"1":7,"2":7,"3":11,"4":7},"f":{"0":11},"b":{}}
,"C:\\Users\\HOAITHUONG\\Desktop\\final\\react-training\\practice-3\\src\\components\\Price\\price.css": {"path":"C:\\Users\\HOAITHUONG\\Desktop\\final\\react-training\\practice-3\\src\\components\\Price\\price.css","statementMap":{"0":{"start":{"line":1,"column":0},"end":{"line":1,"column":19}}},"fnMap":{},"branchMap":{},"s":{"0":7},"f":{},"b":{},"_coverageSchema":"1a1c01bbd47fc00a2c39e90264f33305004495a9","hash":"339bd3c1a1a3cb3106f71bb413a88ce20d2b0eed"}
,"C:\\Users\\HOAITHUONG\\Desktop\\final\\react-training\\practice-3\\src\\components\\Text\\Text.tsx": {"path":"C:\\Users\\HOAITHUONG\\Desktop\\final\\react-training\\practice-3\\src\\components\\Text\\Text.tsx","statementMap":{"0":{"start":{"line":1,"column":0},"end":{"line":1,"column":36}},"1":{"start":{"line":4,"column":35},"end":{"line":10,"column":2}},"2":{"start":{"line":5,"column":2},"end":{"line":9,"column":4}},"3":{"start":{"line":12,"column":0},"end":{"line":12,"column":20}}},"fnMap":{"0":{"name":"(anonymous_0)","decl":{"start":{"line":4,"column":40},"end":{"line":4,"column":41}},"loc":{"start":{"line":4,"column":64},"end":{"line":10,"column":1}}}},"branchMap":{},"s":{"0":5,"1":5,"2":8,"3":5},"f":{"0":8},"b":{}}
,"C:\\Users\\HOAITHUONG\\Desktop\\final\\react-training\\practice-3\\src\\components\\common\\Button\\Button.tsx": {"path":"C:\\Users\\HOAITHUONG\\Desktop\\final\\react-training\\practice-3\\src\\components\\common\\Button\\Button.tsx","statementMap":{"0":{"start":{"line":1,"column":0},"end":{"line":1,"column":36}},"1":{"start":{"line":3,"column":0},"end":{"line":3,"column":22}},"2":{"start":{"line":5,"column":38},"end":{"line":11,"column":2}},"3":{"start":{"line":6,"column":2},"end":{"line":10,"column":4}},"4":{"start":{"line":13,"column":0},"end":{"line":13,"column":22}}},"fnMap":{"0":{"name":"(anonymous_0)","decl":{"start":{"line":5,"column":43},"end":{"line":5,"column":44}},"loc":{"start":{"line":5,"column":76},"end":{"line":11,"column":1}}}},"branchMap":{},"s":{"0":4,"1":4,"2":4,"3":12,"4":4},"f":{"0":12},"b":{}}
,"C:\\Users\\HOAITHUONG\\Desktop\\final\\react-training\\practice-3\\src\\components\\common\\Button\\button.css": {"path":"C:\\Users\\HOAITHUONG\\Desktop\\final\\react-training\\practice-3\\src\\components\\common\\Button\\button.css","statementMap":{"0":{"start":{"line":1,"column":0},"end":{"line":1,"column":19}}},"fnMap":{},"branchMap":{},"s":{"0":4},"f":{},"b":{},"_coverageSchema":"1a1c01bbd47fc00a2c39e90264f33305004495a9","hash":"240392249591298dafbe911ac603d0bddccfa174"}
,"C:\\Users\\HOAITHUONG\\Desktop\\final\\react-training\\practice-3\\src\\components\\common\\Footer\\Footer.tsx": {"path":"C:\\Users\\HOAITHUONG\\Desktop\\final\\react-training\\practice-3\\src\\components\\common\\Footer\\Footer.tsx","statementMap":{"0":{"start":{"line":1,"column":0},"end":{"line":1,"column":36}},"1":{"start":{"line":2,"column":0},"end":{"line":2,"column":22}},"2":{"start":{"line":4,"column":25},"end":{"line":12,"column":2}},"3":{"start":{"line":5,"column":2},"end":{"line":11,"column":4}},"4":{"start":{"line":14,"column":0},"end":{"line":14,"column":22}}},"fnMap":{"0":{"name":"(anonymous_0)","decl":{"start":{"line":4,"column":30},"end":{"line":4,"column":33}},"loc":{"start":{"line":4,"column":35},"end":{"line":12,"column":1}}}},"branchMap":{},"s":{"0":2,"1":2,"2":2,"3":6,"4":2},"f":{"0":6},"b":{}}
,"C:\\Users\\HOAITHUONG\\Desktop\\final\\react-training\\practice-3\\src\\components\\common\\Footer\\footer.css": {"path":"C:\\Users\\HOAITHUONG\\Desktop\\final\\react-training\\practice-3\\src\\components\\common\\Footer\\footer.css","statementMap":{"0":{"start":{"line":1,"column":0},"end":{"line":1,"column":19}}},"fnMap":{},"branchMap":{},"s":{"0":2},"f":{},"b":{},"_coverageSchema":"1a1c01bbd47fc00a2c39e90264f33305004495a9","hash":"a87681d8612cc529514c1def4c1dcd2c094d5153"}
,"C:\\Users\\HOAITHUONG\\Desktop\\final\\react-training\\practice-3\\src\\components\\common\\Header\\Header.tsx": {"path":"C:\\Users\\HOAITHUONG\\Desktop\\final\\react-training\\practice-3\\src\\components\\common\\Header\\Header.tsx","statementMap":{"0":{"start":{"line":1,"column":0},"end":{"line":1,"column":36}},"1":{"start":{"line":2,"column":0},"end":{"line":2,"column":32}},"2":{"start":{"line":3,"column":0},"end":{"line":3,"column":50}},"3":{"start":{"line":4,"column":0},"end":{"line":4,"column":68}},"4":{"start":{"line":5,"column":0},"end":{"line":5,"column":32}},"5":{"start":{"line":6,"column":0},"end":{"line":6,"column":41}},"6":{"start":{"line":7,"column":0},"end":{"line":7,"column":38}},"7":{"start":{"line":8,"column":0},"end":{"line":8,"column":22}},"8":{"start":{"line":10,"column":25},"end":{"line":27,"column":2}},"9":{"start":{"line":11,"column":2},"end":{"line":26,"column":4}},"10":{"start":{"line":29,"column":0},"end":{"line":29,"column":22}}},"fnMap":{"0":{"name":"(anonymous_0)","decl":{"start":{"line":10,"column":30},"end":{"line":10,"column":33}},"loc":{"start":{"line":10,"column":35},"end":{"line":27,"column":1}}}},"branchMap":{},"s":{"0":2,"1":2,"2":2,"3":2,"4":2,"5":2,"6":2,"7":2,"8":2,"9":6,"10":2},"f":{"0":6},"b":{}}
,"C:\\Users\\HOAITHUONG\\Desktop\\final\\react-training\\practice-3\\src\\components\\common\\Header\\header.css": {"path":"C:\\Users\\HOAITHUONG\\Desktop\\final\\react-training\\practice-3\\src\\components\\common\\Header\\header.css","statementMap":{"0":{"start":{"line":1,"column":0},"end":{"line":1,"column":19}}},"fnMap":{},"branchMap":{},"s":{"0":2},"f":{},"b":{},"_coverageSchema":"1a1c01bbd47fc00a2c39e90264f33305004495a9","hash":"db93b83d87725bc2db697c28cd7c6e5f15af9c8b"}
,"C:\\Users\\HOAITHUONG\\Desktop\\final\\react-training\\practice-3\\src\\components\\common\\Loading\\Loading.tsx": {"path":"C:\\Users\\HOAITHUONG\\Desktop\\final\\react-training\\practice-3\\src\\components\\common\\Loading\\Loading.tsx","statementMap":{"0":{"start":{"line":1,"column":0},"end":{"line":1,"column":36}},"1":{"start":{"line":2,"column":0},"end":{"line":2,"column":23}},"2":{"start":{"line":4,"column":26},"end":{"line":12,"column":2}},"3":{"start":{"line":5,"column":2},"end":{"line":11,"column":4}},"4":{"start":{"line":14,"column":0},"end":{"line":14,"column":23}}},"fnMap":{"0":{"name":"(anonymous_0)","decl":{"start":{"line":4,"column":31},"end":{"line":4,"column":34}},"loc":{"start":{"line":4,"column":36},"end":{"line":12,"column":1}}}},"branchMap":{},"s":{"0":2,"1":2,"2":2,"3":5,"4":2},"f":{"0":5},"b":{}}
,"C:\\Users\\HOAITHUONG\\Desktop\\final\\react-training\\practice-3\\src\\components\\common\\Loading\\loading.css": {"path":"C:\\Users\\HOAITHUONG\\Desktop\\final\\react-training\\practice-3\\src\\components\\common\\Loading\\loading.css","statementMap":{"0":{"start":{"line":1,"column":0},"end":{"line":1,"column":19}}},"fnMap":{},"branchMap":{},"s":{"0":2},"f":{},"b":{},"_coverageSchema":"1a1c01bbd47fc00a2c39e90264f33305004495a9","hash":"2ca0417d348f52a29bdf6ddc96cbd367ad8eff31"}
,"C:\\Users\\HOAITHUONG\\Desktop\\final\\react-training\\practice-3\\src\\components\\common\\Logo\\Logo.tsx": {"path":"C:\\Users\\HOAITHUONG\\Desktop\\final\\react-training\\practice-3\\src\\components\\common\\Logo\\Logo.tsx","statementMap":{"0":{"start":{"line":1,"column":0},"end":{"line":1,"column":36}},"1":{"start":{"line":3,"column":0},"end":{"line":3,"column":20}},"2":{"start":{"line":5,"column":34},"end":{"line":11,"column":2}},"3":{"start":{"line":6,"column":2},"end":{"line":10,"column":4}},"4":{"start":{"line":13,"column":0},"end":{"line":13,"column":20}}},"fnMap":{"0":{"name":"(anonymous_0)","decl":{"start":{"line":5,"column":39},"end":{"line":5,"column":40}},"loc":{"start":{"line":5,"column":62},"end":{"line":11,"column":1}}}},"branchMap":{},"s":{"0":3,"1":3,"2":3,"3":8,"4":3},"f":{"0":8},"b":{}}
,"C:\\Users\\HOAITHUONG\\Desktop\\final\\react-training\\practice-3\\src\\components\\common\\Logo\\logo.css": {"path":"C:\\Users\\HOAITHUONG\\Desktop\\final\\react-training\\practice-3\\src\\components\\common\\Logo\\logo.css","statementMap":{"0":{"start":{"line":1,"column":0},"end":{"line":1,"column":19}}},"fnMap":{},"branchMap":{},"s":{"0":3},"f":{},"b":{},"_coverageSchema":"1a1c01bbd47fc00a2c39e90264f33305004495a9","hash":"5ceb9689f38897770b86427bb87372a0377db59e"}
,"C:\\Users\\HOAITHUONG\\Desktop\\final\\react-training\\practice-3\\src\\components\\common\\Menu\\Menu.tsx": {"path":"C:\\Users\\HOAITHUONG\\Desktop\\final\\react-training\\practice-3\\src\\components\\common\\Menu\\Menu.tsx","statementMap":{"0":{"start":{"line":1,"column":0},"end":{"line":1,"column":36}},"1":{"start":{"line":3,"column":0},"end":{"line":3,"column":20}},"2":{"start":{"line":5,"column":34},"end":{"line":19,"column":2}},"3":{"start":{"line":7,"column":4},"end":{"line":11,"column":6}},"4":{"start":{"line":8,"column":6},"end":{"line":8,"column":null}},"5":{"start":{"line":14,"column":2},"end":{"line":18,"column":4}},"6":{"start":{"line":21,"column":0},"end":{"line":21,"column":20}}},"fnMap":{"0":{"name":"(anonymous_0)","decl":{"start":{"line":5,"column":39},"end":{"line":5,"column":40}},"loc":{"start":{"line":5,"column":56},"end":{"line":19,"column":1}}},"1":{"name":"renderMenuList","decl":{"start":{"line":6,"column":11},"end":{"line":6,"column":25}},"loc":{"start":{"line":6,"column":42},"end":{"line":12,"column":3}}},"2":{"name":"(anonymous_2)","decl":{"start":{"line":7,"column":20},"end":{"line":7,"column":21}},"loc":{"start":{"line":8,"column":6},"end":{"line":8,"column":null}}}},"branchMap":{},"s":{"0":3,"1":3,"2":3,"3":8,"4":48,"5":8,"6":3},"f":{"0":8,"1":8,"2":48},"b":{}}
,"C:\\Users\\HOAITHUONG\\Desktop\\final\\react-training\\practice-3\\src\\components\\common\\Menu\\menu.css": {"path":"C:\\Users\\HOAITHUONG\\Desktop\\final\\react-training\\practice-3\\src\\components\\common\\Menu\\menu.css","statementMap":{"0":{"start":{"line":1,"column":0},"end":{"line":1,"column":19}}},"fnMap":{},"branchMap":{},"s":{"0":3},"f":{},"b":{},"_coverageSchema":"1a1c01bbd47fc00a2c39e90264f33305004495a9","hash":"a3058d88ac1538cdf52d47c4f4b10827850878f7"}
,"C:\\Users\\HOAITHUONG\\Desktop\\final\\react-training\\practice-3\\src\\components\\common\\Navigation\\Navigation.tsx": {"path":"C:\\Users\\HOAITHUONG\\Desktop\\final\\react-training\\practice-3\\src\\components\\common\\Navigation\\Navigation.tsx","statementMap":{"0":{"start":{"line":1,"column":0},"end":{"line":1,"column":36}},"1":{"start":{"line":2,"column":0},"end":{"line":2,"column":63}},"2":{"start":{"line":3,"column":0},"end":{"line":3,"column":26}},"3":{"start":{"line":5,"column":29},"end":{"line":23,"column":2}},"4":{"start":{"line":6,"column":2},"end":{"line":22,"column":4}},"5":{"start":{"line":25,"column":0},"end":{"line":25,"column":26}}},"fnMap":{"0":{"name":"(anonymous_0)","decl":{"start":{"line":5,"column":34},"end":{"line":5,"column":37}},"loc":{"start":{"line":5,"column":39},"end":{"line":23,"column":1}}}},"branchMap":{},"s":{"0":2,"1":2,"2":2,"3":2,"4":6,"5":2},"f":{"0":6},"b":{}}
,"C:\\Users\\HOAITHUONG\\Desktop\\final\\react-training\\practice-3\\src\\components\\common\\Navigation\\navigation.css": {"path":"C:\\Users\\HOAITHUONG\\Desktop\\final\\react-training\\practice-3\\src\\components\\common\\Navigation\\navigation.css","statementMap":{"0":{"start":{"line":1,"column":0},"end":{"line":1,"column":19}}},"fnMap":{},"branchMap":{},"s":{"0":2},"f":{},"b":{},"_coverageSchema":"1a1c01bbd47fc00a2c39e90264f33305004495a9","hash":"75de6b3d34a9687f229e74f51876db05f933d382"}
,"C:\\Users\\HOAITHUONG\\Desktop\\final\\react-training\\practice-3\\src\\components\\common\\Title\\Title.tsx": {"path":"C:\\Users\\HOAITHUONG\\Desktop\\final\\react-training\\practice-3\\src\\components\\common\\Title\\Title.tsx","statementMap":{"0":{"start":{"line":1,"column":0},"end":{"line":1,"column":36}},"1":{"start":{"line":3,"column":0},"end":{"line":3,"column":21}},"2":{"start":{"line":5,"column":36},"end":{"line":11,"column":2}},"3":{"start":{"line":6,"column":2},"end":{"line":10,"column":4}},"4":{"start":{"line":13,"column":0},"end":{"line":13,"column":21}}},"fnMap":{"0":{"name":"(anonymous_0)","decl":{"start":{"line":5,"column":41},"end":{"line":5,"column":42}},"loc":{"start":{"line":5,"column":65},"end":{"line":11,"column":1}}}},"branchMap":{},"s":{"0":7,"1":7,"2":7,"3":11,"4":7},"f":{"0":11},"b":{}}
,"C:\\Users\\HOAITHUONG\\Desktop\\final\\react-training\\practice-3\\src\\components\\common\\Title\\title.css": {"path":"C:\\Users\\HOAITHUONG\\Desktop\\final\\react-training\\practice-3\\src\\components\\common\\Title\\title.css","statementMap":{"0":{"start":{"line":1,"column":0},"end":{"line":1,"column":19}}},"fnMap":{},"branchMap":{},"s":{"0":7},"f":{},"b":{},"_coverageSchema":"1a1c01bbd47fc00a2c39e90264f33305004495a9","hash":"640eb2f3586c6f53d829685de8ce860432321520"}
,"C:\\Users\\HOAITHUONG\\Desktop\\final\\react-training\\practice-3\\src\\constants\\categories.ts": {"path":"C:\\Users\\HOAITHUONG\\Desktop\\final\\react-training\\practice-3\\src\\constants\\categories.ts","statementMap":{"0":{"start":{"line":3,"column":47},"end":{"line":12,"column":null}},"1":{"start":{"line":14,"column":9},"end":{"line":14,"column":30}}},"fnMap":{},"branchMap":{},"s":{"0":5,"1":5},"f":{},"b":{}}
,"C:\\Users\\HOAITHUONG\\Desktop\\final\\react-training\\practice-3\\src\\constants\\form.ts": {"path":"C:\\Users\\HOAITHUONG\\Desktop\\final\\react-training\\practice-3\\src\\constants\\form.ts","statementMap":{"0":{"start":{"line":1,"column":0},"end":{"line":1,"column":31}},"1":{"start":{"line":3,"column":20},"end":{"line":34,"column":null}},"2":{"start":{"line":36,"column":0},"end":{"line":36,"column":null}}},"fnMap":{},"branchMap":{},"s":{"0":3,"1":3,"2":3},"f":{},"b":{}}
,"C:\\Users\\HOAITHUONG\\Desktop\\final\\react-training\\practice-3\\src\\constants\\menu.ts": {"path":"C:\\Users\\HOAITHUONG\\Desktop\\final\\react-training\\practice-3\\src\\constants\\menu.ts","statementMap":{"0":{"start":{"line":3,"column":30},"end":{"line":28,"column":2}},"1":{"start":{"line":30,"column":0},"end":{"line":30,"column":25}}},"fnMap":{},"branchMap":{},"s":{"0":3,"1":3},"f":{},"b":{}}
,"C:\\Users\\HOAITHUONG\\Desktop\\final\\react-training\\practice-3\\src\\constants\\message.ts": {"path":"C:\\Users\\HOAITHUONG\\Desktop\\final\\react-training\\practice-3\\src\\constants\\message.ts","statementMap":{"0":{"start":{"line":1,"column":20},"end":{"line":5,"column":2}},"1":{"start":{"line":12,"column":9},"end":{"line":12,"column":20}},"2":{"start":{"line":7,"column":18},"end":{"line":10,"column":null}},"3":{"start":{"line":12,"column":22},"end":{"line":12,"column":31}}},"fnMap":{},"branchMap":{},"s":{"0":5,"1":5,"2":5,"3":5},"f":{},"b":{}}
,"C:\\Users\\HOAITHUONG\\Desktop\\final\\react-training\\practice-3\\src\\constants\\product.ts": {"path":"C:\\Users\\HOAITHUONG\\Desktop\\final\\react-training\\practice-3\\src\\constants\\product.ts","statementMap":{"0":{"start":{"line":2,"column":0},"end":{"line":2,"column":66}},"1":{"start":{"line":4,"column":33},"end":{"line":14,"column":null}},"2":{"start":{"line":45,"column":9},"end":{"line":45,"column":24}},"3":{"start":{"line":16,"column":40},"end":{"line":43,"column":null}},"4":{"start":{"line":45,"column":26},"end":{"line":45,"column":46}}},"fnMap":{},"branchMap":{},"s":{"0":7,"1":7,"2":7,"3":7,"4":7},"f":{},"b":{}}
,"C:\\Users\\HOAITHUONG\\Desktop\\final\\react-training\\practice-3\\src\\constants\\rules.ts": {"path":"C:\\Users\\HOAITHUONG\\Desktop\\final\\react-training\\practice-3\\src\\constants\\rules.ts","statementMap":{"0":{"start":{"line":1,"column":14},"end":{"line":5,"column":2}},"1":{"start":{"line":7,"column":9},"end":{"line":7,"column":14}}},"fnMap":{},"branchMap":{},"s":{"0":3,"1":3},"f":{},"b":{}}
,"C:\\Users\\HOAITHUONG\\Desktop\\final\\react-training\\practice-3\\src\\constants\\url.ts": {"path":"C:\\Users\\HOAITHUONG\\Desktop\\final\\react-training\\practice-3\\src\\constants\\url.ts","statementMap":{"0":{"start":{"line":1,"column":17},"end":{"line":1,"column":40}},"1":{"start":{"line":6,"column":9},"end":{"line":6,"column":17}},"2":{"start":{"line":2,"column":21},"end":{"line":2,"column":44}},"3":{"start":{"line":6,"column":19},"end":{"line":6,"column":31}},"4":{"start":{"line":3,"column":21},"end":{"line":3,"column":44}},"5":{"start":{"line":6,"column":33},"end":{"line":6,"column":45}},"6":{"start":{"line":4,"column":23},"end":{"line":4,"column":47}},"7":{"start":{"line":6,"column":47},"end":{"line":6,"column":61}}},"fnMap":{},"branchMap":{},"s":{"0":8,"1":8,"2":8,"3":8,"4":8,"5":8,"6":8,"7":8},"f":{},"b":{}}
,"C:\\Users\\HOAITHUONG\\Desktop\\final\\react-training\\practice-3\\src\\context\\AppContext.tsx": {"path":"C:\\Users\\HOAITHUONG\\Desktop\\final\\react-training\\practice-3\\src\\context\\AppContext.tsx","statementMap":{"0":{"start":{"line":1,"column":0},"end":{"line":1,"column":47}},"1":{"start":{"line":2,"column":0},"end":{"line":2,"column":45}},"2":{"start":{"line":4,"column":71},"end":{"line":12,"column":1}},"3":{"start":{"line":5,"column":2},"end":{"line":11,"column":4}},"4":{"start":{"line":14,"column":0},"end":{"line":14,"column":27}}},"fnMap":{"0":{"name":"(anonymous_0)","decl":{"start":{"line":4,"column":71},"end":{"line":4,"column":72}},"loc":{"start":{"line":4,"column":88},"end":{"line":12,"column":1}}}},"branchMap":{},"s":{"0":1,"1":1,"2":1,"3":4,"4":1},"f":{"0":4},"b":{}}
,"C:\\Users\\HOAITHUONG\\Desktop\\final\\react-training\\practice-3\\src\\context\\ProductContext.tsx": {"path":"C:\\Users\\HOAITHUONG\\Desktop\\final\\react-training\\practice-3\\src\\context\\ProductContext.tsx","statementMap":{"0":{"start":{"line":1,"column":0},"end":{"line":1,"column":48}},"1":{"start":{"line":3,"column":13},"end":{"line":3,"column":53}},"2":{"start":{"line":4,"column":75},"end":{"line":12,"column":1}},"3":{"start":{"line":5,"column":32},"end":{"line":5,"column":44}},"4":{"start":{"line":7,"column":2},"end":{"line":11,"column":null}},"5":{"start":{"line":14,"column":0},"end":{"line":14,"column":31}}},"fnMap":{"0":{"name":"(anonymous_0)","decl":{"start":{"line":4,"column":75},"end":{"line":4,"column":76}},"loc":{"start":{"line":4,"column":92},"end":{"line":12,"column":1}}}},"branchMap":{},"s":{"0":2,"1":2,"2":2,"3":4,"4":4,"5":2},"f":{"0":4},"b":{}}
,"C:\\Users\\HOAITHUONG\\Desktop\\final\\react-training\\practice-3\\src\\context\\SearchContext.tsx": {"path":"C:\\Users\\HOAITHUONG\\Desktop\\final\\react-training\\practice-3\\src\\context\\SearchContext.tsx","statementMap":{"0":{"start":{"line":1,"column":0},"end":{"line":1,"column":70}},"1":{"start":{"line":2,"column":0},"end":{"line":2,"column":48}},"2":{"start":{"line":3,"column":0},"end":{"line":3,"column":59}},"3":{"start":{"line":5,"column":30},"end":{"line":7,"column":2}},"4":{"start":{"line":9,"column":13},"end":{"line":9,"column":66}},"5":{"start":{"line":10,"column":74},"end":{"line":26,"column":1}},"6":{"start":{"line":11,"column":28},"end":{"line":11,"column":67}},"7":{"start":{"line":13,"column":26},"end":{"line":13,"column":31}},"8":{"start":{"line":14,"column":16},"end":{"line":19,"column":20}},"9":{"start":{"line":14,"column":31},"end":{"line":19,"column":4}},"10":{"start":{"line":17,"column":6},"end":{"line":17,"column":59}},"11":{"start":{"line":21,"column":2},"end":{"line":25,"column":null}},"12":{"start":{"line":28,"column":0},"end":{"line":28,"column":30}}},"fnMap":{"0":{"name":"(anonymous_0)","decl":{"start":{"line":10,"column":74},"end":{"line":10,"column":75}},"loc":{"start":{"line":10,"column":91},"end":{"line":26,"column":1}}},"1":{"name":"(anonymous_1)","decl":{"start":{"line":14,"column":24},"end":{"line":14,"column":27}},"loc":{"start":{"line":14,"column":31},"end":{"line":19,"column":4}}},"2":{"name":"(anonymous_2)","decl":{"start":{"line":16,"column":20},"end":{"line":16,"column":21}},"loc":{"start":{"line":16,"column":40},"end":{"line":18,"column":5}}}},"branchMap":{},"s":{"0":6,"1":6,"2":6,"3":6,"4":6,"5":6,"6":4,"7":4,"8":4,"9":4,"10":0,"11":4,"12":6},"f":{"0":4,"1":4,"2":0},"b":{}}
,"C:\\Users\\HOAITHUONG\\Desktop\\final\\react-training\\practice-3\\src\\helpers\\fetchApi.ts": {"path":"C:\\Users\\HOAITHUONG\\Desktop\\final\\react-training\\practice-3\\src\\helpers\\fetchApi.ts","statementMap":{"0":{"start":{"line":1,"column":0},"end":{"line":1,"column":26}},"1":{"start":{"line":3,"column":12},"end":{"line":6,"column":1}},"2":{"start":{"line":4,"column":14},"end":{"line":4,"column":37}},"3":{"start":{"line":5,"column":2},"end":{"line":5,"column":18}},"4":{"start":{"line":24,"column":2},"end":{"line":24,"column":5}},"5":{"start":{"line":8,"column":15},"end":{"line":11,"column":1}},"6":{"start":{"line":9,"column":14},"end":{"line":9,"column":44}},"7":{"start":{"line":10,"column":2},"end":{"line":10,"column":13}},"8":{"start":{"line":25,"column":2},"end":{"line":25,"column":8}},"9":{"start":{"line":13,"column":15},"end":{"line":16,"column":1}},"10":{"start":{"line":14,"column":14},"end":{"line":14,"column":48}},"11":{"start":{"line":15,"column":2},"end":{"line":15,"column":13}},"12":{"start":{"line":26,"column":2},"end":{"line":26,"column":8}},"13":{"start":{"line":18,"column":15},"end":{"line":21,"column":1}},"14":{"start":{"line":19,"column":14},"end":{"line":19,"column":36}},"15":{"start":{"line":20,"column":2},"end":{"line":20,"column":13}},"16":{"start":{"line":27,"column":2},"end":{"line":27,"column":8}}},"fnMap":{"0":{"name":"(anonymous_0)","decl":{"start":{"line":3,"column":12},"end":{"line":3,"column":17}},"loc":{"start":{"line":3,"column":37},"end":{"line":6,"column":1}}},"1":{"name":"(anonymous_1)","decl":{"start":{"line":8,"column":15},"end":{"line":8,"column":20}},"loc":{"start":{"line":8,"column":52},"end":{"line":11,"column":1}}},"2":{"name":"(anonymous_2)","decl":{"start":{"line":13,"column":15},"end":{"line":13,"column":20}},"loc":{"start":{"line":13,"column":52},"end":{"line":16,"column":1}}},"3":{"name":"(anonymous_3)","decl":{"start":{"line":18,"column":15},"end":{"line":18,"column":20}},"loc":{"start":{"line":18,"column":36},"end":{"line":21,"column":1}}}},"branchMap":{},"s":{"0":8,"1":8,"2":20,"3":8,"4":8,"5":8,"6":2,"7":2,"8":8,"9":8,"10":5,"11":3,"12":8,"13":8,"14":2,"15":2,"16":8},"f":{"0":20,"1":2,"2":5,"3":2},"b":{}}
,"C:\\Users\\HOAITHUONG\\Desktop\\final\\react-training\\practice-3\\src\\helpers\\getBase64.ts": {"path":"C:\\Users\\HOAITHUONG\\Desktop\\final\\react-training\\practice-3\\src\\helpers\\getBase64.ts","statementMap":{"0":{"start":{"line":2,"column":2},"end":{"line":11,"column":null}},"1":{"start":{"line":3,"column":23},"end":{"line":3,"column":39}},"2":{"start":{"line":4,"column":4},"end":{"line":4,"column":null}},"3":{"start":{"line":5,"column":4},"end":{"line":7,"column":null}},"4":{"start":{"line":6,"column":6},"end":{"line":6,"column":33}},"5":{"start":{"line":8,"column":4},"end":{"line":10,"column":null}},"6":{"start":{"line":9,"column":6},"end":{"line":9,"column":20}},"7":{"start":{"line":14,"column":0},"end":{"line":14,"column":25}}},"fnMap":{"0":{"name":"getBase64","decl":{"start":{"line":1,"column":9},"end":{"line":1,"column":18}},"loc":{"start":{"line":1,"column":29},"end":{"line":12,"column":1}}},"1":{"name":"(anonymous_1)","decl":{"start":{"line":2,"column":21},"end":{"line":2,"column":22}},"loc":{"start":{"line":2,"column":41},"end":{"line":11,"column":3}}},"2":{"name":"(anonymous_2)","decl":{"start":{"line":5,"column":24},"end":{"line":5,"column":27}},"loc":{"start":{"line":5,"column":29},"end":{"line":7,"column":5}}},"3":{"name":"(anonymous_3)","decl":{"start":{"line":8,"column":25},"end":{"line":8,"column":26}},"loc":{"start":{"line":8,"column":35},"end":{"line":10,"column":5}}}},"branchMap":{},"s":{"0":2,"1":2,"2":2,"3":2,"4":2,"5":2,"6":0,"7":5},"f":{"0":2,"1":2,"2":2,"3":0},"b":{}}
,"C:\\Users\\HOAITHUONG\\Desktop\\final\\react-training\\practice-3\\src\\helpers\\index.ts": {"path":"C:\\Users\\HOAITHUONG\\Desktop\\final\\react-training\\practice-3\\src\\helpers\\index.ts","statementMap":{"0":{"start":{"line":1,"column":23},"end":{"line":11,"column":1}},"1":{"start":{"line":2,"column":20},"end":{"line":2,"column":42}},"2":{"start":{"line":3,"column":2},"end":{"line":10,"column":4}},"3":{"start":{"line":13,"column":9},"end":{"line":13,"column":23}}},"fnMap":{"0":{"name":"(anonymous_0)","decl":{"start":{"line":1,"column":23},"end":{"line":1,"column":24}},"loc":{"start":{"line":1,"column":78},"end":{"line":11,"column":1}}}},"branchMap":{},"s":{"0":3,"1":2,"2":2,"3":3},"f":{"0":2},"b":{}}
,"C:\\Users\\HOAITHUONG\\Desktop\\final\\react-training\\practice-3\\src\\helpers\\validate.ts": {"path":"C:\\Users\\HOAITHUONG\\Desktop\\final\\react-training\\practice-3\\src\\helpers\\validate.ts","statementMap":{"0":{"start":{"line":1,"column":0},"end":{"line":1,"column":48}},"1":{"start":{"line":2,"column":0},"end":{"line":2,"column":42}},"2":{"start":{"line":5,"column":22},"end":{"line":33,"column":1}},"3":{"start":{"line":6,"column":2},"end":{"line":14,"column":null}},"4":{"start":{"line":7,"column":4},"end":{"line":13,"column":null}},"5":{"start":{"line":8,"column":6},"end":{"line":8,"column":35}},"6":{"start":{"line":9,"column":6},"end":{"line":9,"column":13}},"7":{"start":{"line":11,"column":6},"end":{"line":11,"column":51}},"8":{"start":{"line":12,"column":6},"end":{"line":12,"column":13}},"9":{"start":{"line":16,"column":2},"end":{"line":23,"column":null}},"10":{"start":{"line":17,"column":4},"end":{"line":22,"column":null}},"11":{"start":{"line":18,"column":6},"end":{"line":18,"column":36}},"12":{"start":{"line":20,"column":6},"end":{"line":20,"column":50}},"13":{"start":{"line":21,"column":6},"end":{"line":21,"column":13}},"14":{"start":{"line":25,"column":2},"end":{"line":32,"column":null}},"15":{"start":{"line":26,"column":4},"end":{"line":31,"column":null}},"16":{"start":{"line":27,"column":6},"end":{"line":27,"column":50}},"17":{"start":{"line":29,"column":6},"end":{"line":29,"column":36}},"18":{"start":{"line":30,"column":6},"end":{"line":30,"column":13}},"19":{"start":{"line":35,"column":17},"end":{"line":44,"column":1}},"20":{"start":{"line":36,"column":17},"end":{"line":36,"column":28}},"21":{"start":{"line":37,"column":3},"end":{"line":41,"column":7}},"22":{"start":{"line":38,"column":4},"end":{"line":40,"column":9}},"23":{"start":{"line":39,"column":8},"end":{"line":39,"column":null}},"24":{"start":{"line":43,"column":2},"end":{"line":43,"column":16}},"25":{"start":{"line":46,"column":8},"end":{"line":46,"column":16}}},"fnMap":{"0":{"name":"(anonymous_0)","decl":{"start":{"line":5,"column":22},"end":{"line":5,"column":23}},"loc":{"start":{"line":5,"column":109},"end":{"line":33,"column":1}}},"1":{"name":"(anonymous_1)","decl":{"start":{"line":35,"column":17},"end":{"line":35,"column":18}},"loc":{"start":{"line":35,"column":39},"end":{"line":44,"column":1}}},"2":{"name":"(anonymous_2)","decl":{"start":{"line":37,"column":51},"end":{"line":37,"column":60}},"loc":{"start":{"line":37,"column":63},"end":{"line":41,"column":5}}},"3":{"name":"(anonymous_3)","decl":{"start":{"line":38,"column":32},"end":{"line":38,"column":33}},"loc":{"start":{"line":38,"column":48},"end":{"line":40,"column":7}}}},"branchMap":{"0":{"loc":{"start":{"line":6,"column":2},"end":{"line":14,"column":null}},"type":"if","locations":[{"start":{"line":6,"column":2},"end":{"line":14,"column":null}}]},"1":{"loc":{"start":{"line":7,"column":4},"end":{"line":13,"column":null}},"type":"if","locations":[{"start":{"line":7,"column":4},"end":{"line":13,"column":null}},{"start":{"line":10,"column":11},"end":{"line":13,"column":null}}]},"2":{"loc":{"start":{"line":16,"column":2},"end":{"line":23,"column":null}},"type":"if","locations":[{"start":{"line":16,"column":2},"end":{"line":23,"column":null}}]},"3":{"loc":{"start":{"line":17,"column":4},"end":{"line":22,"column":null}},"type":"if","locations":[{"start":{"line":17,"column":4},"end":{"line":22,"column":null}},{"start":{"line":19,"column":11},"end":{"line":22,"column":null}}]},"4":{"loc":{"start":{"line":25,"column":2},"end":{"line":32,"column":null}},"type":"if","locations":[{"start":{"line":25,"column":2},"end":{"line":32,"column":null}}]},"5":{"loc":{"start":{"line":26,"column":4},"end":{"line":31,"column":null}},"type":"if","locations":[{"start":{"line":26,"column":4},"end":{"line":31,"column":null}},{"start":{"line":28,"column":11},"end":{"line":31,"column":null}}]}},"s":{"0":3,"1":3,"2":3,"3":9,"4":5,"5":0,"6":0,"7":5,"8":5,"9":4,"10":2,"11":2,"12":0,"13":0,"14":4,"15":2,"16":0,"17":2,"18":2,"19":3,"20":1,"21":1,"22":6,"23":9,"24":1,"25":3},"f":{"0":9,"1":1,"2":6,"3":9},"b":{"0":[5],"1":[0,5],"2":[2],"3":[2,0],"4":[2],"5":[0,2]}}
,"C:\\Users\\HOAITHUONG\\Desktop\\final\\react-training\\practice-3\\src\\pages\\ProductDetail\\ProductDetail.tsx": {"path":"C:\\Users\\HOAITHUONG\\Desktop\\final\\react-training\\practice-3\\src\\pages\\ProductDetail\\ProductDetail.tsx","statementMap":{"0":{"start":{"line":1,"column":0},"end":{"line":1,"column":26}},"1":{"start":{"line":2,"column":0},"end":{"line":2,"column":76}},"2":{"start":{"line":3,"column":0},"end":{"line":3,"column":45}},"3":{"start":{"line":4,"column":0},"end":{"line":4,"column":45}},"4":{"start":{"line":5,"column":0},"end":{"line":5,"column":52}},"5":{"start":{"line":6,"column":0},"end":{"line":6,"column":42}},"6":{"start":{"line":7,"column":0},"end":{"line":7,"column":69}},"7":{"start":{"line":8,"column":0},"end":{"line":8,"column":47}},"8":{"start":{"line":9,"column":0},"end":{"line":9,"column":58}},"9":{"start":{"line":10,"column":0},"end":{"line":10,"column":29}},"10":{"start":{"line":11,"column":0},"end":{"line":11,"column":39}},"11":{"start":{"line":13,"column":33},"end":{"line":91,"column":1}},"12":{"start":{"line":14,"column":23},"end":{"line":14,"column":49}},"13":{"start":{"line":15,"column":17},"end":{"line":15,"column":28}},"14":{"start":{"line":16,"column":34},"end":{"line":16,"column":49}},"15":{"start":{"line":17,"column":17},"end":{"line":17,"column":73}},"16":{"start":{"line":17,"column":58},"end":{"line":17,"column":72}},"17":{"start":{"line":18,"column":50},"end":{"line":18,"column":66}},"18":{"start":{"line":19,"column":48},"end":{"line":19,"column":63}},"19":{"start":{"line":21,"column":28},"end":{"line":23,"column":23}},"20":{"start":{"line":22,"column":4},"end":{"line":22,"column":41}},"21":{"start":{"line":25,"column":21},"end":{"line":34,"column":3}},"22":{"start":{"line":26,"column":4},"end":{"line":33,"column":9}},"23":{"start":{"line":29,"column":8},"end":{"line":29,"column":38}},"24":{"start":{"line":32,"column":8},"end":{"line":32,"column":27}},"25":{"start":{"line":36,"column":2},"end":{"line":40,"column":17}},"26":{"start":{"line":37,"column":4},"end":{"line":39,"column":null}},"27":{"start":{"line":38,"column":6},"end":{"line":38,"column":19}},"28":{"start":{"line":42,"column":2},"end":{"line":90,"column":4}},"29":{"start":{"line":50,"column":12},"end":{"line":50,"column":27}},"30":{"start":{"line":93,"column":0},"end":{"line":93,"column":30}}},"fnMap":{"0":{"name":"(anonymous_0)","decl":{"start":{"line":13,"column":33},"end":{"line":13,"column":36}},"loc":{"start":{"line":13,"column":38},"end":{"line":91,"column":1}}},"1":{"name":"(anonymous_1)","decl":{"start":{"line":17,"column":32},"end":{"line":17,"column":33}},"loc":{"start":{"line":17,"column":58},"end":{"line":17,"column":72}}},"2":{"name":"(anonymous_2)","decl":{"start":{"line":21,"column":40},"end":{"line":21,"column":43}},"loc":{"start":{"line":21,"column":45},"end":{"line":23,"column":3}}},"3":{"name":"(anonymous_3)","decl":{"start":{"line":25,"column":21},"end":{"line":25,"column":24}},"loc":{"start":{"line":25,"column":26},"end":{"line":34,"column":3}}},"4":{"name":"(anonymous_4)","decl":{"start":{"line":28,"column":12},"end":{"line":28,"column":13}},"loc":{"start":{"line":28,"column":20},"end":{"line":30,"column":7}}},"5":{"name":"(anonymous_5)","decl":{"start":{"line":31,"column":13},"end":{"line":31,"column":14}},"loc":{"start":{"line":31,"column":23},"end":{"line":33,"column":7}}},"6":{"name":"(anonymous_6)","decl":{"start":{"line":36,"column":12},"end":{"line":36,"column":15}},"loc":{"start":{"line":36,"column":17},"end":{"line":40,"column":3}}},"7":{"name":"(anonymous_7)","decl":{"start":{"line":49,"column":40},"end":{"line":49,"column":41}},"loc":{"start":{"line":50,"column":12},"end":{"line":50,"column":27}}},"8":{"name":"(anonymous_8)","decl":{"start":{"line":86,"column":23},"end":{"line":86,"column":26}},"loc":{"start":{"line":86,"column":28},"end":{"line":86,"column":31}}}},"branchMap":{"0":{"loc":{"start":{"line":37,"column":4},"end":{"line":39,"column":null}},"type":"if","locations":[{"start":{"line":37,"column":4},"end":{"line":39,"column":null}}]},"1":{"loc":{"start":{"line":80,"column":7},"end":{"line":87,"column":null}},"type":"binary-expr","locations":[{"start":{"line":80,"column":7},"end":{"line":80,"column":22}},{"start":{"line":81,"column":8},"end":{"line":86,"column":null}}]}},"s":{"0":2,"1":2,"2":2,"3":2,"4":2,"5":2,"6":2,"7":2,"8":2,"9":2,"10":2,"11":2,"12":5,"13":5,"14":5,"15":5,"16":0,"17":5,"18":5,"19":5,"20":1,"21":5,"22":1,"23":0,"24":0,"25":5,"26":4,"27":1,"28":5,"29":0,"30":2},"f":{"0":5,"1":0,"2":1,"3":1,"4":0,"5":0,"6":4,"7":0,"8":0},"b":{"0":[1],"1":[5,1]}}
,"C:\\Users\\HOAITHUONG\\Desktop\\final\\react-training\\practice-3\\src\\pages\\ProductDetail\\productDetail.css": {"path":"C:\\Users\\HOAITHUONG\\Desktop\\final\\react-training\\practice-3\\src\\pages\\ProductDetail\\productDetail.css","statementMap":{"0":{"start":{"line":1,"column":0},"end":{"line":1,"column":19}}},"fnMap":{},"branchMap":{},"s":{"0":2},"f":{},"b":{},"_coverageSchema":"1a1c01bbd47fc00a2c39e90264f33305004495a9","hash":"6ca089ecc365eb2d3ddbb0db6e278c58c3fd4d05"}
,"C:\\Users\\HOAITHUONG\\Desktop\\final\\react-training\\practice-3\\src\\pages\\ProductGridCard\\ProductGridCard.tsx": {"path":"C:\\Users\\HOAITHUONG\\Desktop\\final\\react-training\\practice-3\\src\\pages\\ProductGridCard\\ProductGridCard.tsx","statementMap":{"0":{"start":{"line":1,"column":0},"end":{"line":1,"column":53}},"1":{"start":{"line":2,"column":0},"end":{"line":2,"column":40}},"2":{"start":{"line":3,"column":0},"end":{"line":3,"column":52}},"3":{"start":{"line":4,"column":0},"end":{"line":4,"column":45}},"4":{"start":{"line":6,"column":0},"end":{"line":6,"column":69}},"5":{"start":{"line":7,"column":0},"end":{"line":7,"column":31}},"6":{"start":{"line":9,"column":52},"end":{"line":45,"column":1}},"7":{"start":{"line":13,"column":48},"end":{"line":13,"column":63}},"8":{"start":{"line":14,"column":28},"end":{"line":16,"column":23}},"9":{"start":{"line":15,"column":4},"end":{"line":15,"column":41}},"10":{"start":{"line":18,"column":2},"end":{"line":44,"column":4}},"11":{"start":{"line":47,"column":0},"end":{"line":47,"column":31}}},"fnMap":{"0":{"name":"(anonymous_0)","decl":{"start":{"line":9,"column":52},"end":{"line":9,"column":53}},"loc":{"start":{"line":12,"column":5},"end":{"line":45,"column":1}}},"1":{"name":"(anonymous_1)","decl":{"start":{"line":14,"column":40},"end":{"line":14,"column":43}},"loc":{"start":{"line":14,"column":45},"end":{"line":16,"column":3}}}},"branchMap":{"0":{"loc":{"start":{"line":35,"column":9},"end":{"line":40,"column":null}},"type":"binary-expr","locations":[{"start":{"line":35,"column":9},"end":{"line":35,"column":24}},{"start":{"line":36,"column":10},"end":{"line":39,"column":null}}]}},"s":{"0":3,"1":3,"2":3,"3":3,"4":3,"5":3,"6":3,"7":4,"8":4,"9":1,"10":4,"11":3},"f":{"0":4,"1":1},"b":{"0":[4,1]}}
,"C:\\Users\\HOAITHUONG\\Desktop\\final\\react-training\\practice-3\\src\\pages\\ProductGridCard\\productGridCard.css": {"path":"C:\\Users\\HOAITHUONG\\Desktop\\final\\react-training\\practice-3\\src\\pages\\ProductGridCard\\productGridCard.css","statementMap":{"0":{"start":{"line":1,"column":0},"end":{"line":1,"column":19}}},"fnMap":{},"branchMap":{},"s":{"0":3},"f":{},"b":{},"_coverageSchema":"1a1c01bbd47fc00a2c39e90264f33305004495a9","hash":"07b17ef4b90e7d8db96fe91c4077e24c9433fdf1"}
,"C:\\Users\\HOAITHUONG\\Desktop\\final\\react-training\\practice-3\\src\\pages\\ProductGridView\\ProductGridView.tsx": {"path":"C:\\Users\\HOAITHUONG\\Desktop\\final\\react-training\\practice-3\\src\\pages\\ProductGridView\\ProductGridView.tsx","statementMap":{"0":{"start":{"line":1,"column":0},"end":{"line":1,"column":34}},"1":{"start":{"line":2,"column":0},"end":{"line":2,"column":65}},"2":{"start":{"line":3,"column":0},"end":{"line":3,"column":69}},"3":{"start":{"line":5,"column":0},"end":{"line":5,"column":65}},"4":{"start":{"line":6,"column":0},"end":{"line":6,"column":56}},"5":{"start":{"line":7,"column":0},"end":{"line":7,"column":61}},"6":{"start":{"line":8,"column":0},"end":{"line":8,"column":57}},"7":{"start":{"line":9,"column":0},"end":{"line":9,"column":39}},"8":{"start":{"line":10,"column":0},"end":{"line":10,"column":50}},"9":{"start":{"line":11,"column":0},"end":{"line":11,"column":31}},"10":{"start":{"line":13,"column":34},"end":{"line":82,"column":1}},"11":{"start":{"line":14,"column":48},"end":{"line":14,"column":63}},"12":{"start":{"line":15,"column":26},"end":{"line":15,"column":51}},"13":{"start":{"line":16,"column":39},"end":{"line":16,"column":71}},"14":{"start":{"line":17,"column":19},"end":{"line":17,"column":56}},"15":{"start":{"line":18,"column":18},"end":{"line":18,"column":43}},"16":{"start":{"line":18,"column":24},"end":{"line":18,"column":43}},"17":{"start":{"line":19,"column":27},"end":{"line":19,"column":47}},"18":{"start":{"line":20,"column":24},"end":{"line":37,"column":3}},"19":{"start":{"line":21,"column":32},"end":{"line":29,"column":6}},"20":{"start":{"line":30,"column":4},"end":{"line":36,"column":null}},"21":{"start":{"line":31,"column":6},"end":{"line":31,"column":45}},"22":{"start":{"line":32,"column":6},"end":{"line":32,"column":15}},"23":{"start":{"line":33,"column":6},"end":{"line":33,"column":53}},"24":{"start":{"line":35,"column":6},"end":{"line":35,"column":42}},"25":{"start":{"line":39,"column":24},"end":{"line":47,"column":3}},"26":{"start":{"line":40,"column":4},"end":{"line":46,"column":null}},"27":{"start":{"line":41,"column":6},"end":{"line":41,"column":44}},"28":{"start":{"line":42,"column":6},"end":{"line":42,"column":15}},"29":{"start":{"line":43,"column":6},"end":{"line":43,"column":56}},"30":{"start":{"line":45,"column":6},"end":{"line":45,"column":42}},"31":{"start":{"line":49,"column":28},"end":{"line":51,"column":23}},"32":{"start":{"line":50,"column":4},"end":{"line":50,"column":41}},"33":{"start":{"line":53,"column":2},"end":{"line":81,"column":4}},"34":{"start":{"line":65,"column":12},"end":{"line":65,"column":null}},"35":{"start":{"line":84,"column":0},"end":{"line":84,"column":31}}},"fnMap":{"0":{"name":"(anonymous_0)","decl":{"start":{"line":13,"column":34},"end":{"line":13,"column":37}},"loc":{"start":{"line":13,"column":39},"end":{"line":82,"column":1}}},"1":{"name":"(anonymous_1)","decl":{"start":{"line":18,"column":18},"end":{"line":18,"column":21}},"loc":{"start":{"line":18,"column":24},"end":{"line":18,"column":43}}},"2":{"name":"(anonymous_2)","decl":{"start":{"line":20,"column":24},"end":{"line":20,"column":29}},"loc":{"start":{"line":20,"column":55},"end":{"line":37,"column":3}}},"3":{"name":"(anonymous_3)","decl":{"start":{"line":39,"column":24},"end":{"line":39,"column":29}},"loc":{"start":{"line":39,"column":45},"end":{"line":47,"column":3}}},"4":{"name":"(anonymous_4)","decl":{"start":{"line":49,"column":40},"end":{"line":49,"column":43}},"loc":{"start":{"line":49,"column":45},"end":{"line":51,"column":3}}},"5":{"name":"(anonymous_5)","decl":{"start":{"line":64,"column":21},"end":{"line":64,"column":22}},"loc":{"start":{"line":65,"column":12},"end":{"line":65,"column":null}}}},"branchMap":{"0":{"loc":{"start":{"line":73,"column":9},"end":{"line":77,"column":null}},"type":"binary-expr","locations":[{"start":{"line":73,"column":9},"end":{"line":73,"column":24}},{"start":{"line":74,"column":10},"end":{"line":76,"column":null}}]}},"s":{"0":2,"1":2,"2":2,"3":2,"4":2,"5":2,"6":2,"7":2,"8":2,"9":2,"10":2,"11":6,"12":6,"13":6,"14":6,"15":6,"16":1,"17":6,"18":6,"19":0,"20":0,"21":0,"22":0,"23":0,"24":0,"25":6,"26":0,"27":0,"28":0,"29":0,"30":0,"31":6,"32":1,"33":6,"34":0,"35":2},"f":{"0":6,"1":1,"2":0,"3":0,"4":1,"5":0},"b":{"0":[6,1]}}
,"C:\\Users\\HOAITHUONG\\Desktop\\final\\react-training\\practice-3\\src\\pages\\ProductGridView\\productGridView.css": {"path":"C:\\Users\\HOAITHUONG\\Desktop\\final\\react-training\\practice-3\\src\\pages\\ProductGridView\\productGridView.css","statementMap":{"0":{"start":{"line":1,"column":0},"end":{"line":1,"column":19}}},"fnMap":{},"branchMap":{},"s":{"0":2},"f":{},"b":{},"_coverageSchema":"1a1c01bbd47fc00a2c39e90264f33305004495a9","hash":"ed1a58c88d0da380c32f00912f060673d303aa13"}
,"C:\\Users\\HOAITHUONG\\Desktop\\final\\react-training\\practice-3\\src\\pages\\ProductListCard\\ProductListCard.tsx": {"path":"C:\\Users\\HOAITHUONG\\Desktop\\final\\react-training\\practice-3\\src\\pages\\ProductListCard\\ProductListCard.tsx","statementMap":{"0":{"start":{"line":2,"column":0},"end":{"line":2,"column":40}},"1":{"start":{"line":3,"column":0},"end":{"line":3,"column":45}},"2":{"start":{"line":4,"column":0},"end":{"line":4,"column":42}},"3":{"start":{"line":6,"column":0},"end":{"line":6,"column":52}},"4":{"start":{"line":7,"column":0},"end":{"line":7,"column":31}},"5":{"start":{"line":9,"column":52},"end":{"line":27,"column":1}},"6":{"start":{"line":10,"column":2},"end":{"line":26,"column":4}},"7":{"start":{"line":29,"column":0},"end":{"line":29,"column":31}}},"fnMap":{"0":{"name":"(anonymous_0)","decl":{"start":{"line":9,"column":52},"end":{"line":9,"column":53}},"loc":{"start":{"line":9,"column":68},"end":{"line":27,"column":1}}}},"branchMap":{},"s":{"0":3,"1":3,"2":3,"3":3,"4":3,"5":3,"6":2,"7":3},"f":{"0":2},"b":{}}
,"C:\\Users\\HOAITHUONG\\Desktop\\final\\react-training\\practice-3\\src\\pages\\ProductListCard\\productListCard.css": {"path":"C:\\Users\\HOAITHUONG\\Desktop\\final\\react-training\\practice-3\\src\\pages\\ProductListCard\\productListCard.css","statementMap":{"0":{"start":{"line":1,"column":0},"end":{"line":1,"column":19}}},"fnMap":{},"branchMap":{},"s":{"0":3},"f":{},"b":{},"_coverageSchema":"1a1c01bbd47fc00a2c39e90264f33305004495a9","hash":"20bc43815031de669f916795136b9a7acacbfad5"}
,"C:\\Users\\HOAITHUONG\\Desktop\\final\\react-training\\practice-3\\src\\pages\\ProductListView\\ProductListView.tsx": {"path":"C:\\Users\\HOAITHUONG\\Desktop\\final\\react-training\\practice-3\\src\\pages\\ProductListView\\ProductListView.tsx","statementMap":{"0":{"start":{"line":1,"column":0},"end":{"line":1,"column":34}},"1":{"start":{"line":2,"column":0},"end":{"line":2,"column":42}},"2":{"start":{"line":3,"column":0},"end":{"line":3,"column":40}},"3":{"start":{"line":5,"column":0},"end":{"line":5,"column":41}},"4":{"start":{"line":6,"column":0},"end":{"line":6,"column":47}},"5":{"start":{"line":7,"column":0},"end":{"line":7,"column":55}},"6":{"start":{"line":8,"column":0},"end":{"line":8,"column":56}},"7":{"start":{"line":9,"column":0},"end":{"line":9,"column":65}},"8":{"start":{"line":10,"column":0},"end":{"line":10,"column":31}},"9":{"start":{"line":12,"column":34},"end":{"line":33,"column":1}},"10":{"start":{"line":13,"column":26},"end":{"line":13,"column":51}},"11":{"start":{"line":14,"column":39},"end":{"line":14,"column":71}},"12":{"start":{"line":15,"column":19},"end":{"line":15,"column":56}},"13":{"start":{"line":16,"column":18},"end":{"line":16,"column":43}},"14":{"start":{"line":16,"column":24},"end":{"line":16,"column":43}},"15":{"start":{"line":17,"column":19},"end":{"line":17,"column":39}},"16":{"start":{"line":19,"column":2},"end":{"line":32,"column":4}},"17":{"start":{"line":23,"column":10},"end":{"line":23,"column":null}},"18":{"start":{"line":35,"column":0},"end":{"line":35,"column":31}}},"fnMap":{"0":{"name":"(anonymous_0)","decl":{"start":{"line":12,"column":34},"end":{"line":12,"column":37}},"loc":{"start":{"line":12,"column":39},"end":{"line":33,"column":1}}},"1":{"name":"(anonymous_1)","decl":{"start":{"line":16,"column":18},"end":{"line":16,"column":21}},"loc":{"start":{"line":16,"column":24},"end":{"line":16,"column":43}}},"2":{"name":"(anonymous_2)","decl":{"start":{"line":22,"column":19},"end":{"line":22,"column":20}},"loc":{"start":{"line":23,"column":10},"end":{"line":23,"column":null}}}},"branchMap":{},"s":{"0":2,"1":2,"2":2,"3":2,"4":2,"5":2,"6":2,"7":2,"8":2,"9":2,"10":4,"11":4,"12":4,"13":4,"14":2,"15":4,"16":4,"17":0,"18":2},"f":{"0":4,"1":2,"2":0},"b":{}}
,"C:\\Users\\HOAITHUONG\\Desktop\\final\\react-training\\practice-3\\src\\pages\\ProductListView\\productListView.css": {"path":"C:\\Users\\HOAITHUONG\\Desktop\\final\\react-training\\practice-3\\src\\pages\\ProductListView\\productListView.css","statementMap":{"0":{"start":{"line":1,"column":0},"end":{"line":1,"column":19}}},"fnMap":{},"branchMap":{},"s":{"0":2},"f":{},"b":{},"_coverageSchema":"1a1c01bbd47fc00a2c39e90264f33305004495a9","hash":"d1b08b6453a0c04c49c12a62dcb494dadff742c0"}
,"C:\\Users\\HOAITHUONG\\Desktop\\final\\react-training\\practice-3\\src\\reducer\\searchReducer.ts": {"path":"C:\\Users\\HOAITHUONG\\Desktop\\final\\react-training\\practice-3\\src\\reducer\\searchReducer.ts","statementMap":{"0":{"start":{"line":1,"column":0},"end":{"line":1,"column":67}},"1":{"start":{"line":3,"column":34},"end":{"line":5,"column":2}},"2":{"start":{"line":15,"column":24},"end":{"line":15,"column":36}},"3":{"start":{"line":8,"column":30},"end":{"line":8,"column":37}},"4":{"start":{"line":9,"column":2},"end":{"line":11,"column":null}},"5":{"start":{"line":10,"column":4},"end":{"line":10,"column":46}},"6":{"start":{"line":12,"column":2},"end":{"line":12,"column":15}},"7":{"start":{"line":15,"column":9},"end":{"line":15,"column":22}}},"fnMap":{"0":{"name":"searchReducer","decl":{"start":{"line":7,"column":9},"end":{"line":7,"column":22}},"loc":{"start":{"line":7,"column":64},"end":{"line":13,"column":1}}}},"branchMap":{"0":{"loc":{"start":{"line":9,"column":2},"end":{"line":11,"column":null}},"type":"if","locations":[{"start":{"line":9,"column":2},"end":{"line":11,"column":null}}]}},"s":{"0":6,"1":6,"2":6,"3":0,"4":0,"5":0,"6":0,"7":6},"f":{"0":0},"b":{"0":[0]}}
,"C:\\Users\\HOAITHUONG\\Desktop\\final\\react-training\\practice-3\\src\\types\\search.ts": {"path":"C:\\Users\\HOAITHUONG\\Desktop\\final\\react-training\\practice-3\\src\\types\\search.ts","statementMap":{"0":{"start":{"line":9,"column":0},"end":{"line":9,"column":null}},"1":{"start":{"line":10,"column":2},"end":{"line":10,"column":null}}},"fnMap":{"0":{"name":"(anonymous_0)","decl":{"start":{"line":9,"column":0},"end":{"line":9,"column":12}},"loc":{"start":{"line":9,"column":18},"end":{"line":11,"column":1}}}},"branchMap":{"0":{"loc":{"start":{"line":9,"column":12},"end":{"line":9,"column":null}},"type":"binary-expr","locations":[{"start":{"line":9,"column":12},"end":{"line":9,"column":18}},{"start":{"line":9,"column":12},"end":{"line":9,"column":null}}]}},"s":{"0":6,"1":6},"f":{"0":6},"b":{"0":[6,6]}}
}
